INFO 2025-09-16 13:05:09,938 autoreload 18464 19344 Watching for file changes with StatReloader
INFO 2025-09-16 13:07:05,540 autoreload 18464 19344 C:\Users\Viktor Greg Lim\OneDrive\Documents\GitHub\2025-CP_LessonLink\Django\Lessonlink\lesson\models.py changed, reloading.
INFO 2025-09-16 13:07:06,500 autoreload 15500 15564 Watching for file changes with StatReloader
INFO 2025-09-16 13:10:22,173 autoreload 15500 15564 C:\Users\Viktor Greg Lim\OneDrive\Documents\GitHub\2025-CP_LessonLink\Django\Lessonlink\lessonGenerator\models.py changed, reloading.
INFO 2025-09-16 13:10:23,321 autoreload 6344 7276 Watching for file changes with StatReloader
INFO 2025-09-16 13:10:33,322 basehttp 6344 6788 "GET / HTTP/1.1" 200 20287
INFO 2025-09-16 13:10:34,826 basehttp 6344 6788 "GET /login/ HTTP/1.1" 200 12801
INFO 2025-09-16 13:10:34,872 basehttp 6344 6788 "GET /static/img/Screenshot%202025-07-16%20024301.png HTTP/1.1" 200 340934
INFO 2025-09-16 13:10:37,470 basehttp 6344 6788 "GET /login/ HTTP/1.1" 200 12094
ERROR 2025-09-16 13:10:42,799 log 6344 6788 Internal Server Error: /login/
Traceback (most recent call last):
  File "C:\Users\Viktor Greg Lim\AppData\Roaming\Python\Python312\site-packages\django\db\backends\utils.py", line 105, in _execute
    return self.cursor.execute(sql, params)
           ^^^^^^^^^^^^^^^^^^^^^^^^^^^^^^^^
  File "C:\Users\Viktor Greg Lim\AppData\Roaming\Python\Python312\site-packages\django\db\backends\sqlite3\base.py", line 354, in execute
    return super().execute(query, params)
           ^^^^^^^^^^^^^^^^^^^^^^^^^^^^^^
sqlite3.OperationalError: no such column: lesson_user.last_login

The above exception was the direct cause of the following exception:

Traceback (most recent call last):
  File "C:\Users\Viktor Greg Lim\AppData\Roaming\Python\Python312\site-packages\django\core\handlers\exception.py", line 55, in inner
    response = get_response(request)
               ^^^^^^^^^^^^^^^^^^^^^
  File "C:\Users\Viktor Greg Lim\AppData\Roaming\Python\Python312\site-packages\django\core\handlers\base.py", line 197, in _get_response
    response = wrapped_callback(request, *callback_args, **callback_kwargs)
               ^^^^^^^^^^^^^^^^^^^^^^^^^^^^^^^^^^^^^^^^^^^^^^^^^^^^^^^^^^^^
  File "C:\Users\Viktor Greg Lim\OneDrive\Documents\GitHub\2025-CP_LessonLink\Django\Lessonlink\lesson\views.py", line 546, in login_view
    user = authenticate(request, username=email, password=password)
           ^^^^^^^^^^^^^^^^^^^^^^^^^^^^^^^^^^^^^^^^^^^^^^^^^^^^^^^^
  File "C:\Users\Viktor Greg Lim\AppData\Roaming\Python\Python312\site-packages\django\views\decorators\debug.py", line 75, in sensitive_variables_wrapper
    return func(*func_args, **func_kwargs)
           ^^^^^^^^^^^^^^^^^^^^^^^^^^^^^^^
  File "C:\Users\Viktor Greg Lim\AppData\Roaming\Python\Python312\site-packages\django\contrib\auth\__init__.py", line 79, in authenticate
    user = backend.authenticate(request, **credentials)
           ^^^^^^^^^^^^^^^^^^^^^^^^^^^^^^^^^^^^^^^^^^^^
  File "C:\Users\Viktor Greg Lim\AppData\Roaming\Python\Python312\site-packages\django\contrib\auth\backends.py", line 42, in authenticate
    user = UserModel._default_manager.get_by_natural_key(username)
           ^^^^^^^^^^^^^^^^^^^^^^^^^^^^^^^^^^^^^^^^^^^^^^^^^^^^^^^
  File "C:\Users\Viktor Greg Lim\AppData\Roaming\Python\Python312\site-packages\django\contrib\auth\base_user.py", line 37, in get_by_natural_key
    return self.get(**{self.model.USERNAME_FIELD: username})
           ^^^^^^^^^^^^^^^^^^^^^^^^^^^^^^^^^^^^^^^^^^^^^^^^^
  File "C:\Users\Viktor Greg Lim\AppData\Roaming\Python\Python312\site-packages\django\db\models\manager.py", line 87, in manager_method
    return getattr(self.get_queryset(), name)(*args, **kwargs)
           ^^^^^^^^^^^^^^^^^^^^^^^^^^^^^^^^^^^^^^^^^^^^^^^^^^^
  File "C:\Users\Viktor Greg Lim\AppData\Roaming\Python\Python312\site-packages\django\db\models\query.py", line 645, in get
    num = len(clone)
          ^^^^^^^^^^
  File "C:\Users\Viktor Greg Lim\AppData\Roaming\Python\Python312\site-packages\django\db\models\query.py", line 382, in __len__
    self._fetch_all()
  File "C:\Users\Viktor Greg Lim\AppData\Roaming\Python\Python312\site-packages\django\db\models\query.py", line 1928, in _fetch_all
    self._result_cache = list(self._iterable_class(self))
                         ^^^^^^^^^^^^^^^^^^^^^^^^^^^^^^^^
  File "C:\Users\Viktor Greg Lim\AppData\Roaming\Python\Python312\site-packages\django\db\models\query.py", line 91, in __iter__
    results = compiler.execute_sql(
              ^^^^^^^^^^^^^^^^^^^^^
  File "C:\Users\Viktor Greg Lim\AppData\Roaming\Python\Python312\site-packages\django\db\models\sql\compiler.py", line 1574, in execute_sql
    cursor.execute(sql, params)
  File "C:\Users\Viktor Greg Lim\AppData\Roaming\Python\Python312\site-packages\django\db\backends\utils.py", line 122, in execute
    return super().execute(sql, params)
           ^^^^^^^^^^^^^^^^^^^^^^^^^^^^
  File "C:\Users\Viktor Greg Lim\AppData\Roaming\Python\Python312\site-packages\django\db\backends\utils.py", line 79, in execute
    return self._execute_with_wrappers(
           ^^^^^^^^^^^^^^^^^^^^^^^^^^^^
  File "C:\Users\Viktor Greg Lim\AppData\Roaming\Python\Python312\site-packages\django\db\backends\utils.py", line 92, in _execute_with_wrappers
    return executor(sql, params, many, context)
           ^^^^^^^^^^^^^^^^^^^^^^^^^^^^^^^^^^^^
  File "C:\Users\Viktor Greg Lim\AppData\Roaming\Python\Python312\site-packages\django\db\backends\utils.py", line 100, in _execute
    with self.db.wrap_database_errors:
  File "C:\Users\Viktor Greg Lim\AppData\Roaming\Python\Python312\site-packages\django\db\utils.py", line 91, in __exit__
    raise dj_exc_value.with_traceback(traceback) from exc_value
  File "C:\Users\Viktor Greg Lim\AppData\Roaming\Python\Python312\site-packages\django\db\backends\utils.py", line 105, in _execute
    return self.cursor.execute(sql, params)
           ^^^^^^^^^^^^^^^^^^^^^^^^^^^^^^^^
  File "C:\Users\Viktor Greg Lim\AppData\Roaming\Python\Python312\site-packages\django\db\backends\sqlite3\base.py", line 354, in execute
    return super().execute(query, params)
           ^^^^^^^^^^^^^^^^^^^^^^^^^^^^^^
django.db.utils.OperationalError: no such column: lesson_user.last_login
ERROR 2025-09-16 13:10:42,806 basehttp 6344 6788 "POST /login/ HTTP/1.1" 500 169973
ERROR 2025-09-16 13:10:52,309 log 6344 6788 Internal Server Error: /login/
Traceback (most recent call last):
  File "C:\Users\Viktor Greg Lim\AppData\Roaming\Python\Python312\site-packages\django\db\backends\utils.py", line 105, in _execute
    return self.cursor.execute(sql, params)
           ^^^^^^^^^^^^^^^^^^^^^^^^^^^^^^^^
  File "C:\Users\Viktor Greg Lim\AppData\Roaming\Python\Python312\site-packages\django\db\backends\sqlite3\base.py", line 354, in execute
    return super().execute(query, params)
           ^^^^^^^^^^^^^^^^^^^^^^^^^^^^^^
sqlite3.OperationalError: no such column: lesson_user.last_login

The above exception was the direct cause of the following exception:

Traceback (most recent call last):
  File "C:\Users\Viktor Greg Lim\AppData\Roaming\Python\Python312\site-packages\django\core\handlers\exception.py", line 55, in inner
    response = get_response(request)
               ^^^^^^^^^^^^^^^^^^^^^
  File "C:\Users\Viktor Greg Lim\AppData\Roaming\Python\Python312\site-packages\django\core\handlers\base.py", line 197, in _get_response
    response = wrapped_callback(request, *callback_args, **callback_kwargs)
               ^^^^^^^^^^^^^^^^^^^^^^^^^^^^^^^^^^^^^^^^^^^^^^^^^^^^^^^^^^^^
  File "C:\Users\Viktor Greg Lim\OneDrive\Documents\GitHub\2025-CP_LessonLink\Django\Lessonlink\lesson\views.py", line 546, in login_view
    user = authenticate(request, username=email, password=password)
           ^^^^^^^^^^^^^^^^^^^^^^^^^^^^^^^^^^^^^^^^^^^^^^^^^^^^^^^^
  File "C:\Users\Viktor Greg Lim\AppData\Roaming\Python\Python312\site-packages\django\views\decorators\debug.py", line 75, in sensitive_variables_wrapper
    return func(*func_args, **func_kwargs)
           ^^^^^^^^^^^^^^^^^^^^^^^^^^^^^^^
  File "C:\Users\Viktor Greg Lim\AppData\Roaming\Python\Python312\site-packages\django\contrib\auth\__init__.py", line 79, in authenticate
    user = backend.authenticate(request, **credentials)
           ^^^^^^^^^^^^^^^^^^^^^^^^^^^^^^^^^^^^^^^^^^^^
  File "C:\Users\Viktor Greg Lim\AppData\Roaming\Python\Python312\site-packages\django\contrib\auth\backends.py", line 42, in authenticate
    user = UserModel._default_manager.get_by_natural_key(username)
           ^^^^^^^^^^^^^^^^^^^^^^^^^^^^^^^^^^^^^^^^^^^^^^^^^^^^^^^
  File "C:\Users\Viktor Greg Lim\AppData\Roaming\Python\Python312\site-packages\django\contrib\auth\base_user.py", line 37, in get_by_natural_key
    return self.get(**{self.model.USERNAME_FIELD: username})
           ^^^^^^^^^^^^^^^^^^^^^^^^^^^^^^^^^^^^^^^^^^^^^^^^^
  File "C:\Users\Viktor Greg Lim\AppData\Roaming\Python\Python312\site-packages\django\db\models\manager.py", line 87, in manager_method
    return getattr(self.get_queryset(), name)(*args, **kwargs)
           ^^^^^^^^^^^^^^^^^^^^^^^^^^^^^^^^^^^^^^^^^^^^^^^^^^^
  File "C:\Users\Viktor Greg Lim\AppData\Roaming\Python\Python312\site-packages\django\db\models\query.py", line 645, in get
    num = len(clone)
          ^^^^^^^^^^
  File "C:\Users\Viktor Greg Lim\AppData\Roaming\Python\Python312\site-packages\django\db\models\query.py", line 382, in __len__
    self._fetch_all()
  File "C:\Users\Viktor Greg Lim\AppData\Roaming\Python\Python312\site-packages\django\db\models\query.py", line 1928, in _fetch_all
    self._result_cache = list(self._iterable_class(self))
                         ^^^^^^^^^^^^^^^^^^^^^^^^^^^^^^^^
  File "C:\Users\Viktor Greg Lim\AppData\Roaming\Python\Python312\site-packages\django\db\models\query.py", line 91, in __iter__
    results = compiler.execute_sql(
              ^^^^^^^^^^^^^^^^^^^^^
  File "C:\Users\Viktor Greg Lim\AppData\Roaming\Python\Python312\site-packages\django\db\models\sql\compiler.py", line 1574, in execute_sql
    cursor.execute(sql, params)
  File "C:\Users\Viktor Greg Lim\AppData\Roaming\Python\Python312\site-packages\django\db\backends\utils.py", line 122, in execute
    return super().execute(sql, params)
           ^^^^^^^^^^^^^^^^^^^^^^^^^^^^
  File "C:\Users\Viktor Greg Lim\AppData\Roaming\Python\Python312\site-packages\django\db\backends\utils.py", line 79, in execute
    return self._execute_with_wrappers(
           ^^^^^^^^^^^^^^^^^^^^^^^^^^^^
  File "C:\Users\Viktor Greg Lim\AppData\Roaming\Python\Python312\site-packages\django\db\backends\utils.py", line 92, in _execute_with_wrappers
    return executor(sql, params, many, context)
           ^^^^^^^^^^^^^^^^^^^^^^^^^^^^^^^^^^^^
  File "C:\Users\Viktor Greg Lim\AppData\Roaming\Python\Python312\site-packages\django\db\backends\utils.py", line 100, in _execute
    with self.db.wrap_database_errors:
  File "C:\Users\Viktor Greg Lim\AppData\Roaming\Python\Python312\site-packages\django\db\utils.py", line 91, in __exit__
    raise dj_exc_value.with_traceback(traceback) from exc_value
  File "C:\Users\Viktor Greg Lim\AppData\Roaming\Python\Python312\site-packages\django\db\backends\utils.py", line 105, in _execute
    return self.cursor.execute(sql, params)
           ^^^^^^^^^^^^^^^^^^^^^^^^^^^^^^^^
  File "C:\Users\Viktor Greg Lim\AppData\Roaming\Python\Python312\site-packages\django\db\backends\sqlite3\base.py", line 354, in execute
    return super().execute(query, params)
           ^^^^^^^^^^^^^^^^^^^^^^^^^^^^^^
django.db.utils.OperationalError: no such column: lesson_user.last_login
ERROR 2025-09-16 13:10:52,312 basehttp 6344 6788 "POST /login/ HTTP/1.1" 500 169973
INFO 2025-09-16 13:15:19,956 autoreload 6344 7276 C:\Users\Viktor Greg Lim\OneDrive\Documents\GitHub\2025-CP_LessonLink\Django\Lessonlink\lessonGenerator\models.py changed, reloading.
INFO 2025-09-16 13:15:20,877 autoreload 2872 5116 Watching for file changes with StatReloader
ERROR 2025-09-16 13:15:25,863 log 2872 4144 Internal Server Error: /login/
Traceback (most recent call last):
  File "C:\Users\Viktor Greg Lim\AppData\Roaming\Python\Python312\site-packages\django\db\backends\utils.py", line 105, in _execute
    return self.cursor.execute(sql, params)
           ^^^^^^^^^^^^^^^^^^^^^^^^^^^^^^^^
  File "C:\Users\Viktor Greg Lim\AppData\Roaming\Python\Python312\site-packages\django\db\backends\sqlite3\base.py", line 354, in execute
    return super().execute(query, params)
           ^^^^^^^^^^^^^^^^^^^^^^^^^^^^^^
sqlite3.OperationalError: no such column: lesson_user.last_login

The above exception was the direct cause of the following exception:

Traceback (most recent call last):
  File "C:\Users\Viktor Greg Lim\AppData\Roaming\Python\Python312\site-packages\django\core\handlers\exception.py", line 55, in inner
    response = get_response(request)
               ^^^^^^^^^^^^^^^^^^^^^
  File "C:\Users\Viktor Greg Lim\AppData\Roaming\Python\Python312\site-packages\django\core\handlers\base.py", line 197, in _get_response
    response = wrapped_callback(request, *callback_args, **callback_kwargs)
               ^^^^^^^^^^^^^^^^^^^^^^^^^^^^^^^^^^^^^^^^^^^^^^^^^^^^^^^^^^^^
  File "C:\Users\Viktor Greg Lim\OneDrive\Documents\GitHub\2025-CP_LessonLink\Django\Lessonlink\lesson\views.py", line 546, in login_view
    user = authenticate(request, username=email, password=password)
           ^^^^^^^^^^^^^^^^^^^^^^^^^^^^^^^^^^^^^^^^^^^^^^^^^^^^^^^^
  File "C:\Users\Viktor Greg Lim\AppData\Roaming\Python\Python312\site-packages\django\views\decorators\debug.py", line 75, in sensitive_variables_wrapper
    return func(*func_args, **func_kwargs)
           ^^^^^^^^^^^^^^^^^^^^^^^^^^^^^^^
  File "C:\Users\Viktor Greg Lim\AppData\Roaming\Python\Python312\site-packages\django\contrib\auth\__init__.py", line 79, in authenticate
    user = backend.authenticate(request, **credentials)
           ^^^^^^^^^^^^^^^^^^^^^^^^^^^^^^^^^^^^^^^^^^^^
  File "C:\Users\Viktor Greg Lim\AppData\Roaming\Python\Python312\site-packages\django\contrib\auth\backends.py", line 42, in authenticate
    user = UserModel._default_manager.get_by_natural_key(username)
           ^^^^^^^^^^^^^^^^^^^^^^^^^^^^^^^^^^^^^^^^^^^^^^^^^^^^^^^
  File "C:\Users\Viktor Greg Lim\AppData\Roaming\Python\Python312\site-packages\django\contrib\auth\base_user.py", line 37, in get_by_natural_key
    return self.get(**{self.model.USERNAME_FIELD: username})
           ^^^^^^^^^^^^^^^^^^^^^^^^^^^^^^^^^^^^^^^^^^^^^^^^^
  File "C:\Users\Viktor Greg Lim\AppData\Roaming\Python\Python312\site-packages\django\db\models\manager.py", line 87, in manager_method
    return getattr(self.get_queryset(), name)(*args, **kwargs)
           ^^^^^^^^^^^^^^^^^^^^^^^^^^^^^^^^^^^^^^^^^^^^^^^^^^^
  File "C:\Users\Viktor Greg Lim\AppData\Roaming\Python\Python312\site-packages\django\db\models\query.py", line 645, in get
    num = len(clone)
          ^^^^^^^^^^
  File "C:\Users\Viktor Greg Lim\AppData\Roaming\Python\Python312\site-packages\django\db\models\query.py", line 382, in __len__
    self._fetch_all()
  File "C:\Users\Viktor Greg Lim\AppData\Roaming\Python\Python312\site-packages\django\db\models\query.py", line 1928, in _fetch_all
    self._result_cache = list(self._iterable_class(self))
                         ^^^^^^^^^^^^^^^^^^^^^^^^^^^^^^^^
  File "C:\Users\Viktor Greg Lim\AppData\Roaming\Python\Python312\site-packages\django\db\models\query.py", line 91, in __iter__
    results = compiler.execute_sql(
              ^^^^^^^^^^^^^^^^^^^^^
  File "C:\Users\Viktor Greg Lim\AppData\Roaming\Python\Python312\site-packages\django\db\models\sql\compiler.py", line 1574, in execute_sql
    cursor.execute(sql, params)
  File "C:\Users\Viktor Greg Lim\AppData\Roaming\Python\Python312\site-packages\django\db\backends\utils.py", line 122, in execute
    return super().execute(sql, params)
           ^^^^^^^^^^^^^^^^^^^^^^^^^^^^
  File "C:\Users\Viktor Greg Lim\AppData\Roaming\Python\Python312\site-packages\django\db\backends\utils.py", line 79, in execute
    return self._execute_with_wrappers(
           ^^^^^^^^^^^^^^^^^^^^^^^^^^^^
  File "C:\Users\Viktor Greg Lim\AppData\Roaming\Python\Python312\site-packages\django\db\backends\utils.py", line 92, in _execute_with_wrappers
    return executor(sql, params, many, context)
           ^^^^^^^^^^^^^^^^^^^^^^^^^^^^^^^^^^^^
  File "C:\Users\Viktor Greg Lim\AppData\Roaming\Python\Python312\site-packages\django\db\backends\utils.py", line 100, in _execute
    with self.db.wrap_database_errors:
  File "C:\Users\Viktor Greg Lim\AppData\Roaming\Python\Python312\site-packages\django\db\utils.py", line 91, in __exit__
    raise dj_exc_value.with_traceback(traceback) from exc_value
  File "C:\Users\Viktor Greg Lim\AppData\Roaming\Python\Python312\site-packages\django\db\backends\utils.py", line 105, in _execute
    return self.cursor.execute(sql, params)
           ^^^^^^^^^^^^^^^^^^^^^^^^^^^^^^^^
  File "C:\Users\Viktor Greg Lim\AppData\Roaming\Python\Python312\site-packages\django\db\backends\sqlite3\base.py", line 354, in execute
    return super().execute(query, params)
           ^^^^^^^^^^^^^^^^^^^^^^^^^^^^^^
django.db.utils.OperationalError: no such column: lesson_user.last_login
ERROR 2025-09-16 13:15:25,869 basehttp 2872 4144 "POST /login/ HTTP/1.1" 500 169973
ERROR 2025-09-16 13:15:33,869 log 2872 4144 Internal Server Error: /login/
Traceback (most recent call last):
  File "C:\Users\Viktor Greg Lim\AppData\Roaming\Python\Python312\site-packages\django\db\backends\utils.py", line 105, in _execute
    return self.cursor.execute(sql, params)
           ^^^^^^^^^^^^^^^^^^^^^^^^^^^^^^^^
  File "C:\Users\Viktor Greg Lim\AppData\Roaming\Python\Python312\site-packages\django\db\backends\sqlite3\base.py", line 354, in execute
    return super().execute(query, params)
           ^^^^^^^^^^^^^^^^^^^^^^^^^^^^^^
sqlite3.OperationalError: no such column: lesson_user.last_login

The above exception was the direct cause of the following exception:

Traceback (most recent call last):
  File "C:\Users\Viktor Greg Lim\AppData\Roaming\Python\Python312\site-packages\django\core\handlers\exception.py", line 55, in inner
    response = get_response(request)
               ^^^^^^^^^^^^^^^^^^^^^
  File "C:\Users\Viktor Greg Lim\AppData\Roaming\Python\Python312\site-packages\django\core\handlers\base.py", line 197, in _get_response
    response = wrapped_callback(request, *callback_args, **callback_kwargs)
               ^^^^^^^^^^^^^^^^^^^^^^^^^^^^^^^^^^^^^^^^^^^^^^^^^^^^^^^^^^^^
  File "C:\Users\Viktor Greg Lim\OneDrive\Documents\GitHub\2025-CP_LessonLink\Django\Lessonlink\lesson\views.py", line 546, in login_view
    user = authenticate(request, username=email, password=password)
           ^^^^^^^^^^^^^^^^^^^^^^^^^^^^^^^^^^^^^^^^^^^^^^^^^^^^^^^^
  File "C:\Users\Viktor Greg Lim\AppData\Roaming\Python\Python312\site-packages\django\views\decorators\debug.py", line 75, in sensitive_variables_wrapper
    return func(*func_args, **func_kwargs)
           ^^^^^^^^^^^^^^^^^^^^^^^^^^^^^^^
  File "C:\Users\Viktor Greg Lim\AppData\Roaming\Python\Python312\site-packages\django\contrib\auth\__init__.py", line 79, in authenticate
    user = backend.authenticate(request, **credentials)
           ^^^^^^^^^^^^^^^^^^^^^^^^^^^^^^^^^^^^^^^^^^^^
  File "C:\Users\Viktor Greg Lim\AppData\Roaming\Python\Python312\site-packages\django\contrib\auth\backends.py", line 42, in authenticate
    user = UserModel._default_manager.get_by_natural_key(username)
           ^^^^^^^^^^^^^^^^^^^^^^^^^^^^^^^^^^^^^^^^^^^^^^^^^^^^^^^
  File "C:\Users\Viktor Greg Lim\AppData\Roaming\Python\Python312\site-packages\django\contrib\auth\base_user.py", line 37, in get_by_natural_key
    return self.get(**{self.model.USERNAME_FIELD: username})
           ^^^^^^^^^^^^^^^^^^^^^^^^^^^^^^^^^^^^^^^^^^^^^^^^^
  File "C:\Users\Viktor Greg Lim\AppData\Roaming\Python\Python312\site-packages\django\db\models\manager.py", line 87, in manager_method
    return getattr(self.get_queryset(), name)(*args, **kwargs)
           ^^^^^^^^^^^^^^^^^^^^^^^^^^^^^^^^^^^^^^^^^^^^^^^^^^^
  File "C:\Users\Viktor Greg Lim\AppData\Roaming\Python\Python312\site-packages\django\db\models\query.py", line 645, in get
    num = len(clone)
          ^^^^^^^^^^
  File "C:\Users\Viktor Greg Lim\AppData\Roaming\Python\Python312\site-packages\django\db\models\query.py", line 382, in __len__
    self._fetch_all()
  File "C:\Users\Viktor Greg Lim\AppData\Roaming\Python\Python312\site-packages\django\db\models\query.py", line 1928, in _fetch_all
    self._result_cache = list(self._iterable_class(self))
                         ^^^^^^^^^^^^^^^^^^^^^^^^^^^^^^^^
  File "C:\Users\Viktor Greg Lim\AppData\Roaming\Python\Python312\site-packages\django\db\models\query.py", line 91, in __iter__
    results = compiler.execute_sql(
              ^^^^^^^^^^^^^^^^^^^^^
  File "C:\Users\Viktor Greg Lim\AppData\Roaming\Python\Python312\site-packages\django\db\models\sql\compiler.py", line 1574, in execute_sql
    cursor.execute(sql, params)
  File "C:\Users\Viktor Greg Lim\AppData\Roaming\Python\Python312\site-packages\django\db\backends\utils.py", line 122, in execute
    return super().execute(sql, params)
           ^^^^^^^^^^^^^^^^^^^^^^^^^^^^
  File "C:\Users\Viktor Greg Lim\AppData\Roaming\Python\Python312\site-packages\django\db\backends\utils.py", line 79, in execute
    return self._execute_with_wrappers(
           ^^^^^^^^^^^^^^^^^^^^^^^^^^^^
  File "C:\Users\Viktor Greg Lim\AppData\Roaming\Python\Python312\site-packages\django\db\backends\utils.py", line 92, in _execute_with_wrappers
    return executor(sql, params, many, context)
           ^^^^^^^^^^^^^^^^^^^^^^^^^^^^^^^^^^^^
  File "C:\Users\Viktor Greg Lim\AppData\Roaming\Python\Python312\site-packages\django\db\backends\utils.py", line 100, in _execute
    with self.db.wrap_database_errors:
  File "C:\Users\Viktor Greg Lim\AppData\Roaming\Python\Python312\site-packages\django\db\utils.py", line 91, in __exit__
    raise dj_exc_value.with_traceback(traceback) from exc_value
  File "C:\Users\Viktor Greg Lim\AppData\Roaming\Python\Python312\site-packages\django\db\backends\utils.py", line 105, in _execute
    return self.cursor.execute(sql, params)
           ^^^^^^^^^^^^^^^^^^^^^^^^^^^^^^^^
  File "C:\Users\Viktor Greg Lim\AppData\Roaming\Python\Python312\site-packages\django\db\backends\sqlite3\base.py", line 354, in execute
    return super().execute(query, params)
           ^^^^^^^^^^^^^^^^^^^^^^^^^^^^^^
django.db.utils.OperationalError: no such column: lesson_user.last_login
ERROR 2025-09-16 13:15:33,872 basehttp 2872 4144 "POST /login/ HTTP/1.1" 500 169973
INFO 2025-09-16 13:19:32,673 autoreload 19052 7564 Watching for file changes with StatReloader
INFO 2025-09-16 13:19:41,084 basehttp 19052 13384 "GET /login/ HTTP/1.1" 200 12094
INFO 2025-09-16 13:19:43,113 basehttp 19052 13384 "GET /registration_1/ HTTP/1.1" 200 26939
ERROR 2025-09-16 13:19:45,717 log 19052 13384 Internal Server Error: /registration_1/
Traceback (most recent call last):
  File "C:\Users\Viktor Greg Lim\AppData\Roaming\Python\Python312\site-packages\django\db\backends\utils.py", line 105, in _execute
    return self.cursor.execute(sql, params)
           ^^^^^^^^^^^^^^^^^^^^^^^^^^^^^^^^
  File "C:\Users\Viktor Greg Lim\AppData\Roaming\Python\Python312\site-packages\django\db\backends\sqlite3\base.py", line 354, in execute
    return super().execute(query, params)
           ^^^^^^^^^^^^^^^^^^^^^^^^^^^^^^
sqlite3.OperationalError: no such table: lesson_user

The above exception was the direct cause of the following exception:

Traceback (most recent call last):
  File "C:\Users\Viktor Greg Lim\AppData\Roaming\Python\Python312\site-packages\django\core\handlers\exception.py", line 55, in inner
    response = get_response(request)
               ^^^^^^^^^^^^^^^^^^^^^
  File "C:\Users\Viktor Greg Lim\AppData\Roaming\Python\Python312\site-packages\django\core\handlers\base.py", line 197, in _get_response
    response = wrapped_callback(request, *callback_args, **callback_kwargs)
               ^^^^^^^^^^^^^^^^^^^^^^^^^^^^^^^^^^^^^^^^^^^^^^^^^^^^^^^^^^^^
  File "C:\Users\Viktor Greg Lim\AppData\Roaming\Python\Python312\site-packages\django\views\decorators\csrf.py", line 65, in _view_wrapper
    return view_func(request, *args, **kwargs)
           ^^^^^^^^^^^^^^^^^^^^^^^^^^^^^^^^^^^
  File "C:\Users\Viktor Greg Lim\OneDrive\Documents\GitHub\2025-CP_LessonLink\Django\Lessonlink\lesson\views.py", line 279, in registration_1
    exists = User.objects.filter(email=email).exists()
             ^^^^^^^^^^^^^^^^^^^^^^^^^^^^^^^^^^^^^^^^^
  File "C:\Users\Viktor Greg Lim\AppData\Roaming\Python\Python312\site-packages\django\db\models\query.py", line 1288, in exists
    return self.query.has_results(using=self.db)
           ^^^^^^^^^^^^^^^^^^^^^^^^^^^^^^^^^^^^^
  File "C:\Users\Viktor Greg Lim\AppData\Roaming\Python\Python312\site-packages\django\db\models\sql\query.py", line 660, in has_results
    return compiler.has_results()
           ^^^^^^^^^^^^^^^^^^^^^^
  File "C:\Users\Viktor Greg Lim\AppData\Roaming\Python\Python312\site-packages\django\db\models\sql\compiler.py", line 1542, in has_results
    return bool(self.execute_sql(SINGLE))
                ^^^^^^^^^^^^^^^^^^^^^^^^
  File "C:\Users\Viktor Greg Lim\AppData\Roaming\Python\Python312\site-packages\django\db\models\sql\compiler.py", line 1574, in execute_sql
    cursor.execute(sql, params)
  File "C:\Users\Viktor Greg Lim\AppData\Roaming\Python\Python312\site-packages\django\db\backends\utils.py", line 122, in execute
    return super().execute(sql, params)
           ^^^^^^^^^^^^^^^^^^^^^^^^^^^^
  File "C:\Users\Viktor Greg Lim\AppData\Roaming\Python\Python312\site-packages\django\db\backends\utils.py", line 79, in execute
    return self._execute_with_wrappers(
           ^^^^^^^^^^^^^^^^^^^^^^^^^^^^
  File "C:\Users\Viktor Greg Lim\AppData\Roaming\Python\Python312\site-packages\django\db\backends\utils.py", line 92, in _execute_with_wrappers
    return executor(sql, params, many, context)
           ^^^^^^^^^^^^^^^^^^^^^^^^^^^^^^^^^^^^
  File "C:\Users\Viktor Greg Lim\AppData\Roaming\Python\Python312\site-packages\django\db\backends\utils.py", line 100, in _execute
    with self.db.wrap_database_errors:
  File "C:\Users\Viktor Greg Lim\AppData\Roaming\Python\Python312\site-packages\django\db\utils.py", line 91, in __exit__
    raise dj_exc_value.with_traceback(traceback) from exc_value
  File "C:\Users\Viktor Greg Lim\AppData\Roaming\Python\Python312\site-packages\django\db\backends\utils.py", line 105, in _execute
    return self.cursor.execute(sql, params)
           ^^^^^^^^^^^^^^^^^^^^^^^^^^^^^^^^
  File "C:\Users\Viktor Greg Lim\AppData\Roaming\Python\Python312\site-packages\django\db\backends\sqlite3\base.py", line 354, in execute
    return super().execute(query, params)
           ^^^^^^^^^^^^^^^^^^^^^^^^^^^^^^
django.db.utils.OperationalError: no such table: lesson_user
ERROR 2025-09-16 13:19:45,723 basehttp 19052 13384 "POST /registration_1/ HTTP/1.1" 500 137975
ERROR 2025-09-16 13:19:57,514 log 19052 13384 Internal Server Error: /registration_1/
Traceback (most recent call last):
  File "C:\Users\Viktor Greg Lim\AppData\Roaming\Python\Python312\site-packages\django\db\backends\utils.py", line 105, in _execute
    return self.cursor.execute(sql, params)
           ^^^^^^^^^^^^^^^^^^^^^^^^^^^^^^^^
  File "C:\Users\Viktor Greg Lim\AppData\Roaming\Python\Python312\site-packages\django\db\backends\sqlite3\base.py", line 354, in execute
    return super().execute(query, params)
           ^^^^^^^^^^^^^^^^^^^^^^^^^^^^^^
sqlite3.OperationalError: no such table: lesson_user

The above exception was the direct cause of the following exception:

Traceback (most recent call last):
  File "C:\Users\Viktor Greg Lim\AppData\Roaming\Python\Python312\site-packages\django\core\handlers\exception.py", line 55, in inner
    response = get_response(request)
               ^^^^^^^^^^^^^^^^^^^^^
  File "C:\Users\Viktor Greg Lim\AppData\Roaming\Python\Python312\site-packages\django\core\handlers\base.py", line 197, in _get_response
    response = wrapped_callback(request, *callback_args, **callback_kwargs)
               ^^^^^^^^^^^^^^^^^^^^^^^^^^^^^^^^^^^^^^^^^^^^^^^^^^^^^^^^^^^^
  File "C:\Users\Viktor Greg Lim\AppData\Roaming\Python\Python312\site-packages\django\views\decorators\csrf.py", line 65, in _view_wrapper
    return view_func(request, *args, **kwargs)
           ^^^^^^^^^^^^^^^^^^^^^^^^^^^^^^^^^^^
  File "C:\Users\Viktor Greg Lim\OneDrive\Documents\GitHub\2025-CP_LessonLink\Django\Lessonlink\lesson\views.py", line 279, in registration_1
    exists = User.objects.filter(email=email).exists()
             ^^^^^^^^^^^^^^^^^^^^^^^^^^^^^^^^^^^^^^^^^
  File "C:\Users\Viktor Greg Lim\AppData\Roaming\Python\Python312\site-packages\django\db\models\query.py", line 1288, in exists
    return self.query.has_results(using=self.db)
           ^^^^^^^^^^^^^^^^^^^^^^^^^^^^^^^^^^^^^
  File "C:\Users\Viktor Greg Lim\AppData\Roaming\Python\Python312\site-packages\django\db\models\sql\query.py", line 660, in has_results
    return compiler.has_results()
           ^^^^^^^^^^^^^^^^^^^^^^
  File "C:\Users\Viktor Greg Lim\AppData\Roaming\Python\Python312\site-packages\django\db\models\sql\compiler.py", line 1542, in has_results
    return bool(self.execute_sql(SINGLE))
                ^^^^^^^^^^^^^^^^^^^^^^^^
  File "C:\Users\Viktor Greg Lim\AppData\Roaming\Python\Python312\site-packages\django\db\models\sql\compiler.py", line 1574, in execute_sql
    cursor.execute(sql, params)
  File "C:\Users\Viktor Greg Lim\AppData\Roaming\Python\Python312\site-packages\django\db\backends\utils.py", line 122, in execute
    return super().execute(sql, params)
           ^^^^^^^^^^^^^^^^^^^^^^^^^^^^
  File "C:\Users\Viktor Greg Lim\AppData\Roaming\Python\Python312\site-packages\django\db\backends\utils.py", line 79, in execute
    return self._execute_with_wrappers(
           ^^^^^^^^^^^^^^^^^^^^^^^^^^^^
  File "C:\Users\Viktor Greg Lim\AppData\Roaming\Python\Python312\site-packages\django\db\backends\utils.py", line 92, in _execute_with_wrappers
    return executor(sql, params, many, context)
           ^^^^^^^^^^^^^^^^^^^^^^^^^^^^^^^^^^^^
  File "C:\Users\Viktor Greg Lim\AppData\Roaming\Python\Python312\site-packages\django\db\backends\utils.py", line 100, in _execute
    with self.db.wrap_database_errors:
  File "C:\Users\Viktor Greg Lim\AppData\Roaming\Python\Python312\site-packages\django\db\utils.py", line 91, in __exit__
    raise dj_exc_value.with_traceback(traceback) from exc_value
  File "C:\Users\Viktor Greg Lim\AppData\Roaming\Python\Python312\site-packages\django\db\backends\utils.py", line 105, in _execute
    return self.cursor.execute(sql, params)
           ^^^^^^^^^^^^^^^^^^^^^^^^^^^^^^^^
  File "C:\Users\Viktor Greg Lim\AppData\Roaming\Python\Python312\site-packages\django\db\backends\sqlite3\base.py", line 354, in execute
    return super().execute(query, params)
           ^^^^^^^^^^^^^^^^^^^^^^^^^^^^^^
django.db.utils.OperationalError: no such table: lesson_user
ERROR 2025-09-16 13:19:57,516 basehttp 19052 13384 "POST /registration_1/ HTTP/1.1" 500 137975
INFO 2025-09-16 13:19:58,236 basehttp 19052 13384 "GET /registration_1/ HTTP/1.1" 200 26939
ERROR 2025-09-16 13:20:00,166 log 19052 13384 Internal Server Error: /registration_1/
Traceback (most recent call last):
  File "C:\Users\Viktor Greg Lim\AppData\Roaming\Python\Python312\site-packages\django\db\backends\utils.py", line 105, in _execute
    return self.cursor.execute(sql, params)
           ^^^^^^^^^^^^^^^^^^^^^^^^^^^^^^^^
  File "C:\Users\Viktor Greg Lim\AppData\Roaming\Python\Python312\site-packages\django\db\backends\sqlite3\base.py", line 354, in execute
    return super().execute(query, params)
           ^^^^^^^^^^^^^^^^^^^^^^^^^^^^^^
sqlite3.OperationalError: no such table: lesson_user

The above exception was the direct cause of the following exception:

Traceback (most recent call last):
  File "C:\Users\Viktor Greg Lim\AppData\Roaming\Python\Python312\site-packages\django\core\handlers\exception.py", line 55, in inner
    response = get_response(request)
               ^^^^^^^^^^^^^^^^^^^^^
  File "C:\Users\Viktor Greg Lim\AppData\Roaming\Python\Python312\site-packages\django\core\handlers\base.py", line 197, in _get_response
    response = wrapped_callback(request, *callback_args, **callback_kwargs)
               ^^^^^^^^^^^^^^^^^^^^^^^^^^^^^^^^^^^^^^^^^^^^^^^^^^^^^^^^^^^^
  File "C:\Users\Viktor Greg Lim\AppData\Roaming\Python\Python312\site-packages\django\views\decorators\csrf.py", line 65, in _view_wrapper
    return view_func(request, *args, **kwargs)
           ^^^^^^^^^^^^^^^^^^^^^^^^^^^^^^^^^^^
  File "C:\Users\Viktor Greg Lim\OneDrive\Documents\GitHub\2025-CP_LessonLink\Django\Lessonlink\lesson\views.py", line 279, in registration_1
    exists = User.objects.filter(email=email).exists()
             ^^^^^^^^^^^^^^^^^^^^^^^^^^^^^^^^^^^^^^^^^
  File "C:\Users\Viktor Greg Lim\AppData\Roaming\Python\Python312\site-packages\django\db\models\query.py", line 1288, in exists
    return self.query.has_results(using=self.db)
           ^^^^^^^^^^^^^^^^^^^^^^^^^^^^^^^^^^^^^
  File "C:\Users\Viktor Greg Lim\AppData\Roaming\Python\Python312\site-packages\django\db\models\sql\query.py", line 660, in has_results
    return compiler.has_results()
           ^^^^^^^^^^^^^^^^^^^^^^
  File "C:\Users\Viktor Greg Lim\AppData\Roaming\Python\Python312\site-packages\django\db\models\sql\compiler.py", line 1542, in has_results
    return bool(self.execute_sql(SINGLE))
                ^^^^^^^^^^^^^^^^^^^^^^^^
  File "C:\Users\Viktor Greg Lim\AppData\Roaming\Python\Python312\site-packages\django\db\models\sql\compiler.py", line 1574, in execute_sql
    cursor.execute(sql, params)
  File "C:\Users\Viktor Greg Lim\AppData\Roaming\Python\Python312\site-packages\django\db\backends\utils.py", line 122, in execute
    return super().execute(sql, params)
           ^^^^^^^^^^^^^^^^^^^^^^^^^^^^
  File "C:\Users\Viktor Greg Lim\AppData\Roaming\Python\Python312\site-packages\django\db\backends\utils.py", line 79, in execute
    return self._execute_with_wrappers(
           ^^^^^^^^^^^^^^^^^^^^^^^^^^^^
  File "C:\Users\Viktor Greg Lim\AppData\Roaming\Python\Python312\site-packages\django\db\backends\utils.py", line 92, in _execute_with_wrappers
    return executor(sql, params, many, context)
           ^^^^^^^^^^^^^^^^^^^^^^^^^^^^^^^^^^^^
  File "C:\Users\Viktor Greg Lim\AppData\Roaming\Python\Python312\site-packages\django\db\backends\utils.py", line 100, in _execute
    with self.db.wrap_database_errors:
  File "C:\Users\Viktor Greg Lim\AppData\Roaming\Python\Python312\site-packages\django\db\utils.py", line 91, in __exit__
    raise dj_exc_value.with_traceback(traceback) from exc_value
  File "C:\Users\Viktor Greg Lim\AppData\Roaming\Python\Python312\site-packages\django\db\backends\utils.py", line 105, in _execute
    return self.cursor.execute(sql, params)
           ^^^^^^^^^^^^^^^^^^^^^^^^^^^^^^^^
  File "C:\Users\Viktor Greg Lim\AppData\Roaming\Python\Python312\site-packages\django\db\backends\sqlite3\base.py", line 354, in execute
    return super().execute(query, params)
           ^^^^^^^^^^^^^^^^^^^^^^^^^^^^^^
django.db.utils.OperationalError: no such table: lesson_user
ERROR 2025-09-16 13:20:00,168 basehttp 19052 13384 "POST /registration_1/ HTTP/1.1" 500 137975
INFO 2025-09-16 13:20:16,471 basehttp 19052 13384 "GET /registration_1/ HTTP/1.1" 200 26939
INFO 2025-09-16 13:20:19,374 basehttp 19052 13384 "POST /registration_1/ HTTP/1.1" 200 113
INFO 2025-09-16 13:20:29,262 basehttp 19052 13384 "GET /registration_1/ HTTP/1.1" 200 26939
ERROR 2025-09-16 13:20:32,033 log 19052 13384 Internal Server Error: /registration_1/
Traceback (most recent call last):
  File "C:\Users\Viktor Greg Lim\AppData\Roaming\Python\Python312\site-packages\django\db\backends\utils.py", line 105, in _execute
    return self.cursor.execute(sql, params)
           ^^^^^^^^^^^^^^^^^^^^^^^^^^^^^^^^
  File "C:\Users\Viktor Greg Lim\AppData\Roaming\Python\Python312\site-packages\django\db\backends\sqlite3\base.py", line 354, in execute
    return super().execute(query, params)
           ^^^^^^^^^^^^^^^^^^^^^^^^^^^^^^
sqlite3.OperationalError: no such table: lesson_user

The above exception was the direct cause of the following exception:

Traceback (most recent call last):
  File "C:\Users\Viktor Greg Lim\AppData\Roaming\Python\Python312\site-packages\django\core\handlers\exception.py", line 55, in inner
    response = get_response(request)
               ^^^^^^^^^^^^^^^^^^^^^
  File "C:\Users\Viktor Greg Lim\AppData\Roaming\Python\Python312\site-packages\django\core\handlers\base.py", line 197, in _get_response
    response = wrapped_callback(request, *callback_args, **callback_kwargs)
               ^^^^^^^^^^^^^^^^^^^^^^^^^^^^^^^^^^^^^^^^^^^^^^^^^^^^^^^^^^^^
  File "C:\Users\Viktor Greg Lim\AppData\Roaming\Python\Python312\site-packages\django\views\decorators\csrf.py", line 65, in _view_wrapper
    return view_func(request, *args, **kwargs)
           ^^^^^^^^^^^^^^^^^^^^^^^^^^^^^^^^^^^
  File "C:\Users\Viktor Greg Lim\OneDrive\Documents\GitHub\2025-CP_LessonLink\Django\Lessonlink\lesson\views.py", line 279, in registration_1
    exists = User.objects.filter(email=email).exists()
             ^^^^^^^^^^^^^^^^^^^^^^^^^^^^^^^^^^^^^^^^^
  File "C:\Users\Viktor Greg Lim\AppData\Roaming\Python\Python312\site-packages\django\db\models\query.py", line 1288, in exists
    return self.query.has_results(using=self.db)
           ^^^^^^^^^^^^^^^^^^^^^^^^^^^^^^^^^^^^^
  File "C:\Users\Viktor Greg Lim\AppData\Roaming\Python\Python312\site-packages\django\db\models\sql\query.py", line 660, in has_results
    return compiler.has_results()
           ^^^^^^^^^^^^^^^^^^^^^^
  File "C:\Users\Viktor Greg Lim\AppData\Roaming\Python\Python312\site-packages\django\db\models\sql\compiler.py", line 1542, in has_results
    return bool(self.execute_sql(SINGLE))
                ^^^^^^^^^^^^^^^^^^^^^^^^
  File "C:\Users\Viktor Greg Lim\AppData\Roaming\Python\Python312\site-packages\django\db\models\sql\compiler.py", line 1574, in execute_sql
    cursor.execute(sql, params)
  File "C:\Users\Viktor Greg Lim\AppData\Roaming\Python\Python312\site-packages\django\db\backends\utils.py", line 122, in execute
    return super().execute(sql, params)
           ^^^^^^^^^^^^^^^^^^^^^^^^^^^^
  File "C:\Users\Viktor Greg Lim\AppData\Roaming\Python\Python312\site-packages\django\db\backends\utils.py", line 79, in execute
    return self._execute_with_wrappers(
           ^^^^^^^^^^^^^^^^^^^^^^^^^^^^
  File "C:\Users\Viktor Greg Lim\AppData\Roaming\Python\Python312\site-packages\django\db\backends\utils.py", line 92, in _execute_with_wrappers
    return executor(sql, params, many, context)
           ^^^^^^^^^^^^^^^^^^^^^^^^^^^^^^^^^^^^
  File "C:\Users\Viktor Greg Lim\AppData\Roaming\Python\Python312\site-packages\django\db\backends\utils.py", line 100, in _execute
    with self.db.wrap_database_errors:
  File "C:\Users\Viktor Greg Lim\AppData\Roaming\Python\Python312\site-packages\django\db\utils.py", line 91, in __exit__
    raise dj_exc_value.with_traceback(traceback) from exc_value
  File "C:\Users\Viktor Greg Lim\AppData\Roaming\Python\Python312\site-packages\django\db\backends\utils.py", line 105, in _execute
    return self.cursor.execute(sql, params)
           ^^^^^^^^^^^^^^^^^^^^^^^^^^^^^^^^
  File "C:\Users\Viktor Greg Lim\AppData\Roaming\Python\Python312\site-packages\django\db\backends\sqlite3\base.py", line 354, in execute
    return super().execute(query, params)
           ^^^^^^^^^^^^^^^^^^^^^^^^^^^^^^
django.db.utils.OperationalError: no such table: lesson_user
ERROR 2025-09-16 13:20:32,036 basehttp 19052 13384 "POST /registration_1/ HTTP/1.1" 500 137975
INFO 2025-09-16 13:21:02,719 basehttp 19052 13384 "GET / HTTP/1.1" 200 20287
INFO 2025-09-16 13:21:16,082 autoreload 19120 13120 Watching for file changes with StatReloader
INFO 2025-09-16 13:21:22,464 basehttp 19120 18384 "GET / HTTP/1.1" 200 20287
INFO 2025-09-16 13:21:23,062 basehttp 19120 18384 "GET / HTTP/1.1" 200 20287
INFO 2025-09-16 13:23:15,288 autoreload 2364 2800 Watching for file changes with StatReloader
INFO 2025-09-16 13:23:19,446 basehttp 2364 11460 "GET / HTTP/1.1" 200 20287
INFO 2025-09-16 13:23:21,579 basehttp 2364 11460 "GET /admin HTTP/1.1" 301 0
INFO 2025-09-16 13:23:21,596 basehttp 2364 12092 "GET /admin/ HTTP/1.1" 302 0
INFO 2025-09-16 13:23:21,731 basehttp 2364 12092 "GET /admin/login/?next=/admin/ HTTP/1.1" 200 4161
INFO 2025-09-16 13:23:21,792 basehttp 2364 12092 "GET /static/admin/css/base.css HTTP/1.1" 200 22092
INFO 2025-09-16 13:23:21,797 basehttp 2364 6324 "GET /static/admin/css/dark_mode.css HTTP/1.1" 200 2804
INFO 2025-09-16 13:23:21,806 basehttp 2364 2668 "GET /static/admin/css/nav_sidebar.css HTTP/1.1" 200 2810
INFO 2025-09-16 13:23:21,808 basehttp 2364 15772 "GET /static/admin/css/login.css HTTP/1.1" 200 951
INFO 2025-09-16 13:23:21,818 basehttp 2364 19160 "GET /static/admin/css/responsive.css HTTP/1.1" 200 17972
INFO 2025-09-16 13:23:21,818 basehttp 2364 8548 "GET /static/admin/js/theme.js HTTP/1.1" 200 1653
INFO 2025-09-16 13:23:21,873 basehttp 2364 19160 "GET /static/admin/js/nav_sidebar.js HTTP/1.1" 200 3063
INFO 2025-09-16 13:23:27,219 basehttp 2364 19160 "POST /admin/login/?next=/admin/ HTTP/1.1" 200 4319
INFO 2025-09-16 13:23:34,621 basehttp 2364 19160 "POST /admin/login/?next=/admin/ HTTP/1.1" 200 4319
INFO 2025-09-16 13:23:37,788 basehttp 2364 19160 "GET /admin/login/?next=/admin/ HTTP/1.1" 200 4161
INFO 2025-09-16 13:23:40,095 basehttp 2364 19160 "GET / HTTP/1.1" 200 20287
INFO 2025-09-16 13:30:34,091 autoreload 3344 5312 Watching for file changes with StatReloader
INFO 2025-09-16 13:31:46,559 autoreload 15836 14396 Watching for file changes with StatReloader
INFO 2025-09-16 13:31:50,489 basehttp 15836 9816 "GET / HTTP/1.1" 200 20287
INFO 2025-09-16 13:31:52,843 basehttp 15836 9816 "GET /login/ HTTP/1.1" 200 12094
INFO 2025-09-16 13:32:06,357 basehttp 15836 9816 "POST /login/ HTTP/1.1" 302 0
INFO 2025-09-16 13:32:06,374 basehttp 15836 9816 "GET /dashboard/ HTTP/1.1" 200 34340
INFO 2025-09-16 13:32:20,828 basehttp 15836 9816 "GET / HTTP/1.1" 200 20287
INFO 2025-09-16 13:32:21,594 basehttp 15836 9816 "GET /admin/ HTTP/1.1" 200 8088
INFO 2025-09-16 13:32:21,676 basehttp 15836 9816 "GET /static/admin/css/dashboard.css HTTP/1.1" 200 441
INFO 2025-09-16 13:32:21,705 basehttp 15836 6764 "GET /static/admin/img/icon-addlink.svg HTTP/1.1" 200 331
INFO 2025-09-16 13:32:21,706 basehttp 15836 9816 "GET /static/admin/img/icon-yes.svg HTTP/1.1" 200 436
INFO 2025-09-16 13:32:21,707 basehttp 15836 11936 "GET /static/admin/img/icon-changelink.svg HTTP/1.1" 200 380
INFO 2025-09-16 13:32:24,048 basehttp 15836 11936 "POST /admin/logout/ HTTP/1.1" 302 0
INFO 2025-09-16 13:32:24,053 basehttp 15836 11936 "GET / HTTP/1.1" 200 20287
INFO 2025-09-16 13:32:27,610 basehttp 15836 11936 "GET /admin/ HTTP/1.1" 302 0
INFO 2025-09-16 13:32:27,630 basehttp 15836 11936 "GET /admin/login/?next=/admin/ HTTP/1.1" 200 4161
INFO 2025-09-16 13:32:38,141 basehttp 15836 11936 "POST /admin/login/?next=/admin/ HTTP/1.1" 302 0
INFO 2025-09-16 13:32:38,158 basehttp 15836 11936 "GET /admin/ HTTP/1.1" 200 7961
INFO 2025-09-16 13:33:40,754 basehttp 15836 11936 "GET /logout/ HTTP/1.1" 302 0
INFO 2025-09-16 13:33:40,759 basehttp 15836 11936 "GET / HTTP/1.1" 200 20287
INFO 2025-09-16 13:33:41,806 basehttp 15836 11936 "GET /registration_1/ HTTP/1.1" 200 27863
INFO 2025-09-16 13:33:44,519 basehttp 15836 11936 "POST /registration_1/ HTTP/1.1" 200 51
INFO 2025-09-16 13:34:00,698 basehttp 15836 11936 "POST /registration_1/ HTTP/1.1" 302 0
INFO 2025-09-16 13:34:00,744 basehttp 15836 11936 "GET /registration_2/ HTTP/1.1" 200 7967
INFO 2025-09-16 13:34:14,694 basehttp 15836 11936 "POST /registration_2/ HTTP/1.1" 302 0
INFO 2025-09-16 13:34:14,708 basehttp 15836 11936 "GET /registration_3/ HTTP/1.1" 200 11389
INFO 2025-09-16 13:34:18,074 basehttp 15836 11936 "POST /registration_3/ HTTP/1.1" 302 0
INFO 2025-09-16 13:34:18,089 basehttp 15836 11936 "GET /registration_4/ HTTP/1.1" 200 13953
INFO 2025-09-16 13:34:35,776 basehttp 15836 11936 "GET /org_reg_1/ HTTP/1.1" 200 27760
INFO 2025-09-16 13:34:38,568 basehttp 15836 11936 "GET /admin/lesson/user/ HTTP/1.1" 302 0
INFO 2025-09-16 13:34:38,579 basehttp 15836 11936 "GET /admin/login/?next=/admin/lesson/user/ HTTP/1.1" 200 4502
INFO 2025-09-16 13:34:46,417 basehttp 15836 11936 "POST /admin/login/?next=/admin/lesson/user/ HTTP/1.1" 302 0
INFO 2025-09-16 13:34:46,559 basehttp 15836 11936 "GET /admin/lesson/user/ HTTP/1.1" 200 12111
INFO 2025-09-16 13:34:46,614 basehttp 15836 11936 "GET /static/admin/css/changelists.css HTTP/1.1" 200 6878
INFO 2025-09-16 13:34:46,648 basehttp 15836 9816 "GET /admin/jsi18n/ HTTP/1.1" 200 3342
INFO 2025-09-16 13:34:46,673 basehttp 15836 11936 "GET /static/admin/js/actions.js HTTP/1.1" 200 8076
INFO 2025-09-16 13:34:46,687 basehttp 15836 5164 "GET /static/admin/js/admin/RelatedObjectLookups.js HTTP/1.1" 200 9097
INFO 2025-09-16 13:34:46,694 basehttp 15836 9816 "GET /static/admin/js/urlify.js HTTP/1.1" 200 7887
INFO 2025-09-16 13:34:46,703 basehttp 15836 12388 "GET /static/admin/js/jquery.init.js HTTP/1.1" 200 347
INFO 2025-09-16 13:34:46,705 basehttp 15836 6320 "GET /static/admin/js/core.js HTTP/1.1" 200 6208
INFO 2025-09-16 13:34:46,714 basehttp 15836 11936 "GET /static/admin/js/prepopulate.js HTTP/1.1" 200 1531
INFO 2025-09-16 13:34:46,717 basehttp 15836 9816 "GET /static/admin/img/search.svg HTTP/1.1" 200 458
INFO 2025-09-16 13:34:46,747 basehttp 15836 6764 "GET /static/admin/js/vendor/jquery/jquery.js HTTP/1.1" 200 285314
INFO 2025-09-16 13:34:46,785 basehttp 15836 6764 "GET /static/admin/js/filters.js HTTP/1.1" 200 978
INFO 2025-09-16 13:34:46,852 basehttp 15836 5164 "GET /static/admin/js/vendor/xregexp/xregexp.js HTTP/1.1" 200 325171
INFO 2025-09-16 13:34:46,889 basehttp 15836 5164 "GET /static/admin/img/tooltag-add.svg HTTP/1.1" 200 331
INFO 2025-09-16 13:34:46,892 basehttp 15836 6764 "GET /static/admin/img/icon-viewlink.svg HTTP/1.1" 200 581
INFO 2025-09-16 13:34:50,075 basehttp 15836 6764 "GET /admin/lesson/user/ HTTP/1.1" 200 12111
INFO 2025-09-16 13:34:50,111 basehttp 15836 6764 "GET /admin/jsi18n/ HTTP/1.1" 200 3342
INFO 2025-09-16 13:34:52,632 basehttp 15836 6764 "GET /admin/lesson/schoolregistration/ HTTP/1.1" 200 13024
INFO 2025-09-16 13:34:52,674 basehttp 15836 6764 "GET /admin/jsi18n/ HTTP/1.1" 200 3342
INFO 2025-09-16 13:34:53,771 basehttp 15836 6764 "GET /admin/lesson/user/ HTTP/1.1" 200 12111
INFO 2025-09-16 13:34:53,815 basehttp 15836 6764 "GET /admin/jsi18n/ HTTP/1.1" 200 3342
WARNING 2025-09-16 13:36:52,041 log 15836 6764 Forbidden (CSRF token from POST incorrect.): /org_reg_1/
WARNING 2025-09-16 13:36:52,041 basehttp 15836 6764 "POST /org_reg_1/ HTTP/1.1" 403 2503
INFO 2025-09-16 13:41:29,698 autoreload 15836 14396 C:\Users\Viktor Greg Lim\OneDrive\Documents\GitHub\2025-CP_LessonLink\Django\Lessonlink\Lessonlink\settings.py changed, reloading.
INFO 2025-09-16 13:41:30,624 autoreload 10380 4640 Watching for file changes with StatReloader
INFO 2025-09-16 13:42:11,758 autoreload 10380 4640 C:\Users\Viktor Greg Lim\OneDrive\Documents\GitHub\2025-CP_LessonLink\Django\Lessonlink\Lessonlink\settings.py changed, reloading.
INFO 2025-09-16 13:42:12,678 autoreload 13128 11592 Watching for file changes with StatReloader
INFO 2025-09-16 13:42:26,007 autoreload 13128 11592 C:\Users\Viktor Greg Lim\OneDrive\Documents\GitHub\2025-CP_LessonLink\Django\Lessonlink\Lessonlink\settings.py changed, reloading.
INFO 2025-09-16 13:42:27,143 autoreload 13724 12996 Watching for file changes with StatReloader
WARNING 2025-09-16 13:43:33,899 log 13724 4268 Forbidden (CSRF token from POST incorrect.): /org_reg_1/
WARNING 2025-09-16 13:43:33,900 basehttp 13724 4268 "POST /org_reg_1/ HTTP/1.1" 403 2503
INFO 2025-09-16 13:43:34,981 basehttp 13724 4268 "GET /org_reg_1/ HTTP/1.1" 200 27751
INFO 2025-09-16 13:43:57,142 basehttp 13724 4268 "GET /org_reg_1/ HTTP/1.1" 200 27751
INFO 2025-09-16 13:47:49,302 basehttp 13724 4268 "GET /org_reg_1/ HTTP/1.1" 200 27692
INFO 2025-09-16 13:47:53,735 basehttp 13724 4268 "GET /org_reg_1/ HTTP/1.1" 200 27692
INFO 2025-09-16 13:48:23,210 views 13724 4268 New school registration: Don Pablo Lorenzo Memorial High School (111111111111)
INFO 2025-09-16 13:48:23,212 basehttp 13724 4268 "POST /org_reg_1/ HTTP/1.1" 302 0
INFO 2025-09-16 13:48:23,221 basehttp 13724 4268 "GET / HTTP/1.1" 200 20287
INFO 2025-09-16 13:48:27,365 basehttp 13724 4268 "GET /admin/lesson/user/ HTTP/1.1" 200 12417
INFO 2025-09-16 13:48:27,402 basehttp 13724 4268 "GET /admin/jsi18n/ HTTP/1.1" 200 3342
INFO 2025-09-16 13:48:29,280 basehttp 13724 4268 "GET /admin/lesson/schoolregistration/ HTTP/1.1" 200 18817
INFO 2025-09-16 13:48:29,328 basehttp 13724 4268 "GET /admin/jsi18n/ HTTP/1.1" 200 3342
INFO 2025-09-16 13:48:29,377 basehttp 13724 4268 "GET /static/admin/img/sorting-icons.svg HTTP/1.1" 200 1097
INFO 2025-09-16 13:48:47,413 basehttp 13724 4268 "GET /registration_1/ HTTP/1.1" 200 26939
INFO 2025-09-16 13:48:49,559 basehttp 13724 4268 "POST /registration_1/ HTTP/1.1" 200 51
INFO 2025-09-16 13:48:57,831 basehttp 13724 4268 "POST /registration_1/ HTTP/1.1" 302 0
INFO 2025-09-16 13:48:57,842 basehttp 13724 4268 "GET /registration_2/ HTTP/1.1" 200 7967
INFO 2025-09-16 13:49:07,027 basehttp 13724 4268 "POST /registration_2/ HTTP/1.1" 302 0
INFO 2025-09-16 13:49:07,042 basehttp 13724 4268 "GET /registration_3/ HTTP/1.1" 200 11389
INFO 2025-09-16 13:49:10,010 basehttp 13724 4268 "POST /registration_3/ HTTP/1.1" 302 0
INFO 2025-09-16 13:49:10,025 basehttp 13724 4268 "GET /registration_4/ HTTP/1.1" 200 13953
INFO 2025-09-16 13:54:39,357 basehttp 13724 896 "GET /registration_4/ HTTP/1.1" 200 14191
INFO 2025-09-16 13:54:43,749 basehttp 13724 896 "GET /registration_4/ HTTP/1.1" 200 14191
INFO 2025-09-16 13:55:11,538 basehttp 13724 896 "GET /registration_1/ HTTP/1.1" 200 29430
INFO 2025-09-16 13:55:13,356 basehttp 13724 896 "GET /registration_1/ HTTP/1.1" 200 26939
INFO 2025-09-16 13:55:15,066 basehttp 13724 896 "POST /registration_1/ HTTP/1.1" 200 51
INFO 2025-09-16 13:55:23,391 basehttp 13724 896 "POST /registration_1/ HTTP/1.1" 302 0
INFO 2025-09-16 13:55:23,403 basehttp 13724 896 "GET /registration_2/ HTTP/1.1" 200 7967
INFO 2025-09-16 13:55:32,901 basehttp 13724 896 "POST /registration_2/ HTTP/1.1" 302 0
INFO 2025-09-16 13:55:32,916 basehttp 13724 896 "GET /registration_3/ HTTP/1.1" 200 11389
INFO 2025-09-16 13:55:37,578 basehttp 13724 896 "POST /registration_3/ HTTP/1.1" 302 0
INFO 2025-09-16 13:55:37,593 basehttp 13724 896 "GET /registration_4/ HTTP/1.1" 200 14191
INFO 2025-09-16 13:57:03,395 autoreload 13724 12996 C:\Users\Viktor Greg Lim\OneDrive\Documents\GitHub\2025-CP_LessonLink\Django\Lessonlink\lesson\views.py changed, reloading.
INFO 2025-09-16 13:57:04,384 autoreload 13632 2960 Watching for file changes with StatReloader
INFO 2025-09-16 13:57:07,074 basehttp 13632 16048 "GET /registration_4/ HTTP/1.1" 200 14191
INFO 2025-09-16 13:57:08,933 basehttp 13632 16048 "GET /registration_4/ HTTP/1.1" 200 14191
INFO 2025-09-16 13:58:32,703 autoreload 4268 13172 Watching for file changes with StatReloader
INFO 2025-09-16 13:58:36,521 basehttp 4268 18732 "GET /registration_4/ HTTP/1.1" 200 14191
INFO 2025-09-16 14:01:45,340 autoreload 864 15224 Watching for file changes with StatReloader
INFO 2025-09-16 14:01:49,476 basehttp 864 17432 "GET /registration_4/ HTTP/1.1" 200 14191
INFO 2025-09-16 14:11:00,515 autoreload 864 15224 C:\Users\Viktor Greg Lim\OneDrive\Documents\GitHub\2025-CP_LessonLink\Django\Lessonlink\lesson\views.py changed, reloading.
INFO 2025-09-16 14:11:01,514 autoreload 18568 2184 Watching for file changes with StatReloader
INFO 2025-09-16 14:11:07,861 basehttp 18568 12036 "GET /registration_4/ HTTP/1.1" 200 14682
INFO 2025-09-16 14:11:14,152 basehttp 18568 12036 "GET /registration_4/ HTTP/1.1" 200 14682
INFO 2025-09-16 14:16:27,257 autoreload 18568 2184 C:\Users\Viktor Greg Lim\OneDrive\Documents\GitHub\2025-CP_LessonLink\Django\Lessonlink\lesson\views.py changed, reloading.
INFO 2025-09-16 14:16:28,303 autoreload 16460 18924 Watching for file changes with StatReloader
INFO 2025-09-16 14:16:33,899 basehttp 16460 11532 "GET /registration_4/ HTTP/1.1" 200 14393
INFO 2025-09-16 14:31:30,321 autoreload 14128 11024 Watching for file changes with StatReloader
INFO 2025-09-16 14:31:33,951 basehttp 14128 18312 "GET /registration_4/ HTTP/1.1" 200 14393
INFO 2025-09-16 14:31:36,595 basehttp 14128 18312 "GET /registration_4/ HTTP/1.1" 200 14393
INFO 2025-09-16 14:32:21,946 basehttp 14128 18312 "GET /registration_4/ HTTP/1.1" 200 14042
INFO 2025-09-16 14:32:32,348 basehttp 14128 18312 "GET /registration_4/ HTTP/1.1" 200 14393
INFO 2025-09-16 14:34:54,735 basehttp 14128 18312 "GET / HTTP/1.1" 200 20287
INFO 2025-09-16 14:34:55,848 basehttp 14128 18312 "GET /org_reg_1/ HTTP/1.1" 200 27692
INFO 2025-09-16 14:36:09,350 basehttp 14128 18312 "GET /admin/lesson/schoolregistration/?o=20.-19 HTTP/1.1" 200 20100
INFO 2025-09-16 14:36:09,407 basehttp 14128 18312 "GET /admin/jsi18n/ HTTP/1.1" 200 3342
INFO 2025-09-16 14:36:09,444 basehttp 14128 18312 "GET /static/admin/img/sorting-icons.svg HTTP/1.1" 200 1097
INFO 2025-09-16 14:37:10,412 autoreload 14128 11024 C:\Users\Viktor Greg Lim\OneDrive\Documents\GitHub\2025-CP_LessonLink\Django\Lessonlink\lesson\models.py changed, reloading.
INFO 2025-09-16 14:37:11,560 autoreload 13020 6240 Watching for file changes with StatReloader
INFO 2025-09-16 14:37:50,425 autoreload 19776 15764 Watching for file changes with StatReloader
INFO 2025-09-16 14:38:14,090 basehttp 19776 19996 "GET /registration_1/ HTTP/1.1" 200 26939
INFO 2025-09-16 14:38:15,897 basehttp 19776 19996 "POST /registration_1/ HTTP/1.1" 200 51
INFO 2025-09-16 14:38:28,010 basehttp 19776 19996 "POST /registration_1/ HTTP/1.1" 302 0
INFO 2025-09-16 14:38:28,025 basehttp 19776 19996 "GET /registration_2/ HTTP/1.1" 200 7967
INFO 2025-09-16 14:38:35,039 basehttp 19776 19996 "POST /registration_2/ HTTP/1.1" 302 0
INFO 2025-09-16 14:38:35,054 basehttp 19776 19996 "GET /registration_3/ HTTP/1.1" 200 11389
INFO 2025-09-16 14:38:38,011 basehttp 19776 19996 "POST /registration_3/ HTTP/1.1" 302 0
INFO 2025-09-16 14:38:38,034 basehttp 19776 19996 "GET /registration_4/ HTTP/1.1" 200 14393
INFO 2025-09-16 14:39:32,876 autoreload 19776 15764 C:\Users\Viktor Greg Lim\OneDrive\Documents\GitHub\2025-CP_LessonLink\Django\Lessonlink\lesson\views.py changed, reloading.
INFO 2025-09-16 14:39:33,743 autoreload 15000 20304 Watching for file changes with StatReloader
INFO 2025-09-16 14:39:39,284 basehttp 15000 11192 "GET /registration_4/ HTTP/1.1" 200 14393
INFO 2025-09-16 14:42:52,384 autoreload 15000 20304 C:\Users\Viktor Greg Lim\OneDrive\Documents\GitHub\2025-CP_LessonLink\Django\Lessonlink\lesson\views.py changed, reloading.
INFO 2025-09-16 14:42:53,498 autoreload 18064 16328 Watching for file changes with StatReloader
INFO 2025-09-16 14:46:09,261 autoreload 18064 16328 C:\Users\Viktor Greg Lim\OneDrive\Documents\GitHub\2025-CP_LessonLink\Django\Lessonlink\lesson\models.py changed, reloading.
INFO 2025-09-16 14:46:10,151 autoreload 1776 12096 Watching for file changes with StatReloader
INFO 2025-09-16 14:48:03,104 autoreload 1776 12096 C:\Users\Viktor Greg Lim\OneDrive\Documents\GitHub\2025-CP_LessonLink\Django\Lessonlink\lesson\models.py changed, reloading.
INFO 2025-09-16 14:48:03,993 autoreload 16292 3848 Watching for file changes with StatReloader
INFO 2025-09-16 14:49:36,614 autoreload 20144 19388 Watching for file changes with StatReloader
INFO 2025-09-16 14:51:42,479 autoreload 20144 19388 C:\Users\Viktor Greg Lim\OneDrive\Documents\GitHub\2025-CP_LessonLink\Django\Lessonlink\lesson\models.py changed, reloading.
INFO 2025-09-16 14:51:43,445 autoreload 13296 12272 Watching for file changes with StatReloader
INFO 2025-09-16 14:53:54,262 autoreload 1740 20052 Watching for file changes with StatReloader
INFO 2025-09-16 14:53:58,755 basehttp 1740 11004 "GET /registration_4/ HTTP/1.1" 200 14393
INFO 2025-09-16 14:54:01,121 basehttp 1740 11004 "GET /admin/lesson/schoolregistration/?o=20.-19 HTTP/1.1" 200 19526
INFO 2025-09-16 14:54:01,167 basehttp 1740 11004 "GET /admin/jsi18n/ HTTP/1.1" 200 3342
INFO 2025-09-16 14:54:06,381 basehttp 1740 11004 "GET /registration_4/ HTTP/1.1" 200 14393
INFO 2025-09-16 15:11:21,471 autoreload 1740 20052 C:\Users\Viktor Greg Lim\OneDrive\Documents\GitHub\2025-CP_LessonLink\Django\Lessonlink\lesson\views.py changed, reloading.
INFO 2025-09-16 15:11:22,432 autoreload 19844 14684 Watching for file changes with StatReloader
INFO 2025-09-16 15:11:27,786 basehttp 19844 19784 "GET /registration_4/ HTTP/1.1" 200 14393
INFO 2025-09-16 15:13:14,020 basehttp 19844 19784 "GET /registration_4/ HTTP/1.1" 200 14393
INFO 2025-09-16 15:14:25,017 autoreload 19844 14684 C:\Users\Viktor Greg Lim\OneDrive\Documents\GitHub\2025-CP_LessonLink\Django\Lessonlink\lesson\views.py changed, reloading.
INFO 2025-09-16 15:14:26,105 autoreload 19904 13024 Watching for file changes with StatReloader
INFO 2025-09-16 15:14:44,417 autoreload 19904 13024 C:\Users\Viktor Greg Lim\OneDrive\Documents\GitHub\2025-CP_LessonLink\Django\Lessonlink\lesson\views.py changed, reloading.
INFO 2025-09-16 15:14:45,327 autoreload 8356 18464 Watching for file changes with StatReloader
INFO 2025-09-16 15:14:50,887 basehttp 8356 16996 "GET /registration_4/ HTTP/1.1" 200 14393
INFO 2025-09-16 15:14:52,911 basehttp 8356 16996 "GET /registration_4/ HTTP/1.1" 200 14393
INFO 2025-09-16 15:15:35,699 autoreload 8356 18464 C:\Users\Viktor Greg Lim\OneDrive\Documents\GitHub\2025-CP_LessonLink\Django\Lessonlink\lesson\views.py changed, reloading.
INFO 2025-09-16 15:15:36,593 autoreload 19940 19724 Watching for file changes with StatReloader
INFO 2025-09-16 15:15:57,393 basehttp 19940 7564 "GET /registration_4/ HTTP/1.1" 200 14424
INFO 2025-09-16 15:15:59,007 basehttp 19940 7564 "GET /registration_4/ HTTP/1.1" 200 14424
INFO 2025-09-16 15:17:52,571 basehttp 19940 7564 "GET / HTTP/1.1" 200 20287
INFO 2025-09-16 15:17:53,856 basehttp 19940 7564 "GET /login/ HTTP/1.1" 302 0
INFO 2025-09-16 15:17:53,868 basehttp 19940 7564 "GET /dashboard/ HTTP/1.1" 200 34340
INFO 2025-09-16 15:17:55,910 basehttp 19940 7564 "GET /lesson_planner/ HTTP/1.1" 200 34913
INFO 2025-09-16 15:18:53,801 basehttp 19940 7564 "POST /generate-lesson-plan/ HTTP/1.1" 200 4239
INFO 2025-09-16 15:18:53,947 basehttp 19940 7564 "GET /lesson-plan-result/?plan=%23%20Lesson%20Plan%3A%20Introduction%20to%20Vowels%0A%0A%23%23%20Metadata%0A-%20**Subject%3A**%20English%0A-%20**Grade%20Level%3A**%20Kindergarten%0A-%20**Quarter%3A**%201st%20Quarter%0A-%20**Duration%3A**%2060%20minutes%0A-%20**Class%20Size%3A**%2025%20students%0A%0A%23%23%20Learning%20Objectives%0A*%20Students%20will%20be%20able%20to%20identify%20and%20pronounce%20the%20five%20main%20vowels%20(A%2C%20E%2C%20I%2C%20O%2C%20U)%20in%20isolation.%0A*%20Students%20will%20be%20able%20to%20identify%20the%20five%20main%20vowels%20(A%2C%20E%2C%20I%2C%20O%2C%20U)%20in%20simple%20words.%0A*%20Students%20will%20be%20able%20to%20participate%20actively%20in%20whole-class%20and%20small-group%20activities%20related%20to%20vowel%20sounds.%0A%0A%0A%23%23%20Subject%20Matter%0A**Topic%3A**%20Introduction%20to%20Vowel%20Sounds%20(A%2C%20E%2C%20I%2C%20O%2C%20U)%0A**Key%20Concepts%3A**%20Vowels%20are%20sounds%20made%20without%20closing%20off%20the%20airflow%20in%20the%20mouth.%20%20Each%20vowel%20makes%20a%20distinct%20sound.%20Vowels%20are%20building%20blocks%20of%20words.%0A**Vocabulary%3A**%20Vowel%2C%20A%2C%20E%2C%20I%2C%20O%2C%20U%2C%20sound%2C%20word%2C%20pronounce.%0A%0A%23%23%20Materials%20Needed%0A*%20Picture%20books%20featuring%20words%20with%20A%2C%20E%2C%20I%2C%20O%2C%20U%20(e.g.%2C%20%20*The%20Cat%20in%20the%20Hat*%2C%20%20simple%20alphabet%20books)%0A*%20Large%20alphabet%20chart%20with%20clear%20vowel%20pronunciation%20guides%0A*%20Flashcards%20with%20pictures%20and%20the%20corresponding%20words%20(e.g.%2C%20apple%2C%20elephant%2C%20igloo%2C%20octopus%2C%20umbrella)%0A*%20Markers%2FCrayons%0A*%20Construction%20paper%20or%20large%20sheets%20of%20paper%20for%20group%20activities%0A*%20Optional%3A%20puppets%20or%20other%20manipulatives%20to%20make%20learning%20more%20engaging%0A%0A%23%23%20Lesson%20Procedure%0A%0A%23%23%23%20A.%20Introduction%20(10%20minutes)%0ABegin%20by%20engaging%20students%20with%20a%20fun%20song%20about%20vowels%20or%20a%20short%2C%20interactive%20rhyme%20focusing%20on%20sounds.%20For%20example%2C%20%E2%80%9CWhat%20sounds%20do%20you%20hear%20when%20you%20say%20your%20name%3F%E2%80%9D%20Write%20the%20letters%20of%20the%20alphabet%20on%20the%20board%2C%20circling%20the%20vowels%20in%20a%20different%20color.%20Briefly%20introduce%20the%20concept%20that%20these%20letters%20make%20sounds%2C%20and%20these%20special%20sounds%20are%20called%20vowels.%20%20Ask%20students%20if%20they%20can%20guess%20what%20some%20of%20these%20sounds%20are%20before%20proceeding.%0A%0A%23%23%23%20B.%20Instruction%2FDirect%20Teaching%20(15%20minutes)%0ADisplay%20the%20large%20alphabet%20chart%20focusing%20on%20the%20five%20main%20vowels%20(A%2C%20E%2C%20I%2C%20O%2C%20U).%20%20Clearly%20pronounce%20each%20vowel%2C%20exaggerating%20the%20mouth%20movements%20to%20help%20students%20visualize%20the%20sound%20production.%20Model%20each%20vowel%20sound%20multiple%20times%2C%20having%20students%20repeat%20after%20you.%20Use%20simple%20words%20to%20illustrate%20each%20vowel%20sound%2C%20such%20as%3A%20A%20(apple)%2C%20E%20(egg)%2C%20I%20(igloo)%2C%20O%20(octopus)%2C%20U%20(umbrella).%20Write%20these%20words%20on%20the%20board%20and%20have%20students%20repeat%20them.%20Check%20for%20understanding%20by%20asking%20individual%20students%20to%20pronounce%20each%20vowel.%0A%0A%23%23%23%20C.%20Guided%20Practice%2FApplication%20(20%20minutes)%0ADivide%20students%20into%20small%20groups%20(4-5%20students).%20Provide%20each%20group%20with%20a%20set%20of%20flashcards%20featuring%20pictures%20and%20words%20with%20A%2C%20E%2C%20I%2C%20O%2C%20U.%20%20Have%20students%20take%20turns%20identifying%20the%20vowel%20in%20each%20word%20and%20pronouncing%20it.%20Encourage%20peer%20teaching%20and%20collaboration.%20%20Circulate%20the%20classroom%20to%20provide%20support%20and%20check%20for%20understanding.%20After%20the%20small%20group%20activity%2C%20play%20a%20game%20with%20whole%20class%20such%20as%20%22I%20Spy%22%20using%20words%20starting%20with%20vowels%2C%20making%20sure%20all%20students%20have%20the%20opportunity%20to%20participate.%0A%0A%23%23%23%20D.%20Independent%20Practice%2FEvaluation%20(10%20minutes)%0AEach%20student%20will%20color%20a%20worksheet%20with%20pictures%20of%20different%20objects%2C%20and%20write%20the%20corresponding%20vowels%20they%20hear%20in%20each%20word%20next%20to%20the%20image.%20%20Provide%20differentiated%20worksheets%20with%20varied%20levels%20of%20complexity.%0A%0A%23%23%23%20E.%20Assessment%20(5%20minutes)%0AUse%20an%20informal%20assessment%20through%20observation%20throughout%20the%20lesson%2C%20specifically%20looking%20at%20student%20participation%20during%20group%20activities%20and%20individual%20practice.%20%20Observe%20if%20students%20can%20correctly%20identify%20and%20pronounce%20the%20vowels.%20A%20quick%20exit%20ticket%20can%20consist%20of%20a%20few%20words%20written%20on%20the%20board%20to%20be%20pronounced%20by%20each%20student.%20%20Observe%20and%20note%20if%20students%20can%20successfully%20pronounce%20the%20words.%0A%0A%23%23%20Differentiation%0A*%20%20%20**Support%20for%20Struggling%20Learners%3A**%20Provide%20one-on-one%20support%20during%20guided%20practice.%20Use%20simplified%20picture%20cards%20and%20provide%20hand-over-hand%20assistance%20in%20tracing%20the%20vowel%20letters.%20Offer%20visual%20cues%20for%20mouth%20movements%20(pictures%20or%20videos).%0A*%20%20%20**Extension%20for%20Advanced%20Learners%3A**%20Challenge%20students%20to%20find%20other%20words%20with%20A%2C%20E%2C%20I%2C%20O%2C%20U%20and%20write%20them%20down.%20Encourage%20them%20to%20create%20their%20own%20simple%20sentences%20using%20words%20that%20contain%20the%20vowels.%20%20Have%20them%20draw%20pictures%20to%20match%20their%20sentences.%0A HTTP/1.1" 200 20367
INFO 2025-09-16 15:18:56,408 basehttp 19940 7564 "POST /save-lesson-plan/ HTTP/1.1" 200 87
INFO 2025-09-16 15:19:03,857 basehttp 19940 7564 "GET /drafts/1/edit/ HTTP/1.1" 200 16285
INFO 2025-09-19 15:16:55,473 autoreload 8928 17488 Watching for file changes with StatReloader
INFO 2025-09-19 15:17:30,195 basehttp 8928 17936 "GET / HTTP/1.1" 200 20309
WARNING 2025-09-19 15:17:31,067 log 8928 17936 Not Found: /favicon.ico
WARNING 2025-09-19 15:17:31,067 basehttp 8928 17936 "GET /favicon.ico HTTP/1.1" 404 12320
INFO 2025-09-19 15:17:48,424 autoreload 13436 20172 Watching for file changes with StatReloader
INFO 2025-09-19 16:55:55,434 autoreload 13436 20172 C:\Users\admin\Documents\GitHub\2025-CP_LessonLink\Django\Lessonlink\lessonGenerator\views.py changed, reloading.
INFO 2025-09-19 16:55:56,162 autoreload 19636 6636 Watching for file changes with StatReloader
INFO 2025-09-19 17:00:46,489 autoreload 14852 24040 Watching for file changes with StatReloader
INFO 2025-09-19 17:00:48,047 basehttp 14852 17400 "GET /login/ HTTP/1.1" 200 12094
INFO 2025-09-19 17:01:07,517 basehttp 14852 17400 "POST /login/ HTTP/1.1" 302 0
INFO 2025-09-19 17:01:07,565 basehttp 14852 17400 "GET /dashboard/ HTTP/1.1" 200 34353
INFO 2025-09-19 17:01:10,020 basehttp 14852 17400 "GET /lesson_planner/ HTTP/1.1" 200 34913
INFO 2025-09-19 17:02:44,365 basehttp 14852 17400 "POST /generate-lesson-plan/ HTTP/1.1" 200 4308
INFO 2025-09-19 17:02:44,504 basehttp 14852 17400 "GET /lesson-plan-result/?plan=%23%20Lesson%20Plan%3A%20Introduction%20to%20Fractions%0A%0A%23%23%20Metadata%0A-%20**Subject%3A**%20Mathematics%0A-%20**Grade%20Level%3A**%203rd%20Grade%0A-%20**Quarter%3A**%201st%20Quarter%0A-%20**Duration%3A**%2060%20minutes%0A-%20**Class%20Size%3A**%2020%20students%0A%0A%23%23%20Learning%20Objectives%0A*%20Students%20will%20be%20able%20to%20identify%20and%20name%20fractions%20(halves%2C%20thirds%2C%20and%20fourths)%20represented%20visually.%0A*%20Students%20will%20be%20able%20to%20represent%20fractions%20(halves%2C%20thirds%2C%20and%20fourths)%20using%20concrete%20objects%20and%20drawings.%0A*%20Students%20will%20be%20able%20to%20compare%20unit%20fractions%20(e.g.%2C%201%2F2%2C%201%2F3%2C%201%2F4)%20using%20visual%20representations.%0A%0A%0A%23%23%20Subject%20Matter%0A**Topic%3A**%20Introduction%20to%20Fractions%0A**Key%20Concepts%3A**%20Fraction%2C%20numerator%2C%20denominator%2C%20equal%20parts%2C%20unit%20fraction%2C%20whole.%0A**Vocabulary%3A**%20Fraction%2C%20numerator%20(top%20number)%2C%20denominator%20(bottom%20number)%2C%20half%2C%20third%2C%20fourth%2C%20equal%20parts%2C%20whole.%0A%0A%23%23%20Materials%20Needed%0A*%20Pizza%20(or%20other%20easily%20divided%20food%2C%20like%20a%20rectangular%20cake%20or%20brownie)%0A*%20Butcher%20paper%20or%20whiteboard%0A*%20Markers%0A*%20Fraction%20circles%20or%20other%20manipulatives%20(optional)%0A*%20Worksheets%20with%20fraction%20representations%20(see%20Appendix%20A%20for%20example)%0A*%20Rulers%20or%20straight%20edges%0A%0A%23%23%20Lesson%20Procedure%0A%0A%23%23%23%20A.%20Introduction%20(10%20minutes)%0ABegin%20by%20holding%20up%20a%20pizza.%20%20Ask%20engaging%20questions%20such%20as%3A%20%22If%20I%20want%20to%20share%20this%20pizza%20equally%20with%20my%20friend%2C%20how%20can%20we%20do%20it%3F%22%20%20Guide%20the%20students%20to%20suggest%20cutting%20the%20pizza%20in%20half.%20%20Cut%20the%20pizza%2C%20labeling%20each%20part%20as%20%221%2F2%22.%20%20Discuss%20the%20meaning%20of%20%221%2F2%22%20-%20one%20out%20of%20two%20equal%20parts.%20%20Then%20ask%3A%20%22What%20if%20we%20want%20to%20share%20the%20pizza%20among%20three%20friends%3F%20How%20many%20slices%20would%20each%20person%20get%3F%22%20%20Lead%20them%20to%20understand%20thirds%20(1%2F3).%20%20Repeat%20the%20process%20for%20fourths%20(1%2F4)%20by%20posing%20a%20scenario%20involving%20four%20people.%0A%0A%0A%23%23%23%20B.%20Instruction%2FDirect%20Teaching%20(15%20minutes)%0AIntroduce%20the%20vocabulary%3A%20fraction%2C%20numerator%2C%20and%20denominator.%20%20Explain%20that%20a%20fraction%20shows%20a%20part%20of%20a%20whole.%20Use%20the%20pizza%20examples%20to%20illustrate.%20%20Explain%20that%20the%20top%20number%20(numerator)%20shows%20how%20many%20parts%20we%20have%2C%20and%20the%20bottom%20number%20(denominator)%20shows%20how%20many%20equal%20parts%20the%20whole%20is%20divided%20into.%20%20Write%20examples%20on%20the%20board%3A%201%2F2%2C%201%2F3%2C%201%2F4%2C%20%20clearly%20labeling%20numerator%20and%20denominator.%20%20Show%20visual%20representations%20of%20these%20fractions%20using%20drawings%20and%2For%20manipulatives.%0A%0A%23%23%23%20C.%20Guided%20Practice%2FApplication%20(20%20minutes)%0ADivide%20students%20into%20small%20groups%20of%203-4.%20Provide%20each%20group%20with%20a%20sheet%20of%20paper%2C%20markers%2C%20and%20a%20ruler%20or%20straight%20edge.%20%20Assign%20each%20group%20to%20draw%20a%20rectangle%20and%20divide%20it%20into%20halves%2C%20thirds%2C%20and%20fourths.%20%20Have%20them%20label%20each%20part%20with%20the%20correct%20fraction.%20%20Circulate%20and%20provide%20support%2C%20asking%20guiding%20questions%20like%3A%20%22How%20many%20equal%20parts%20do%20you%20need%20for%20thirds%3F%22%20%20%22What%20is%20the%20denominator%20for%20halves%3F%22%20%20After%20each%20section%20is%20complete%2C%20briefly%20review%20the%20group%27s%20work%20with%20the%20whole%20class%20and%20address%20any%20common%20misconceptions.%0A%0A%23%23%23%20D.%20Independent%20Practice%2FEvaluation%20(10%20minutes)%0AStudents%20will%20complete%20a%20worksheet%20with%20various%20fraction%20representations.%20Some%20sections%20might%20involve%20identifying%20fractions%20from%20pictures%20of%20divided%20shapes%2C%20while%20others%20might%20require%20students%20to%20draw%20and%20label%20fractions%20given%20a%20written%20description%20(e.g.%2C%20%22Draw%20a%20circle%20and%20divide%20it%20into%20fourths%22).%0A%0A%23%23%23%20E.%20Assessment%20(5%20minutes)%0AStudents%20will%20complete%20an%20exit%20ticket%3A%0A1.%20Draw%20a%20rectangle%20and%20divide%20it%20into%20thirds.%20Shade%20in%20one-third%20and%20write%20the%20fraction%20that%20represents%20the%20shaded%20area.%0A2.%20What%20does%20the%20denominator%20of%20a%20fraction%20represent%3F%0A%0A%0A%23%23%20Differentiation%0A*%20%20%20**Support%20for%20Struggling%20Learners%3A**%20Provide%20pre-cut%20shapes%20for%20the%20guided%20practice%20activity.%20Allow%20students%20to%20use%20manipulatives%20like%20fraction%20circles%20to%20help%20visualize%20the%20fractions.%20Provide%20sentence%20starters%20for%20the%20exit%20ticket%20questions%20(e.g.%2C%20%22The%20denominator%20shows...%22).%0A*%20%20%20**Extension%20for%20Advanced%20Learners%3A**%20Challenge%20students%20to%20represent%20mixed%20numbers%20(e.g.%2C%201%20%C2%BD)%20using%20drawings%20and%20fraction%20manipulatives.%20%20Have%20students%20research%20different%20ways%20fractions%20are%20used%20in%20everyday%20life%20(e.g.%2C%20measuring%20ingredients%20in%20a%20recipe).%0A%0A%0A**(Appendix%20A%3A%20Example%20Worksheet)**%20%20*(This%20would%20include%20various%20drawings%20of%20shapes%20divided%20into%20fractions%2C%20with%20blanks%20for%20students%20to%20write%20the%20corresponding%20fractions%2C%20and%20some%20blanks%20for%20drawing%20given%20fraction%20instructions.)*%0A HTTP/1.1" 200 14741
INFO 2025-09-19 17:02:52,945 basehttp 14852 17400 "POST /save-lesson-plan/ HTTP/1.1" 200 87
INFO 2025-09-19 17:02:54,085 basehttp 14852 17400 "GET /drafts/3/edit/ HTTP/1.1" 200 15136
INFO 2025-09-19 17:19:08,512 autoreload 14852 24040 C:\Users\admin\Documents\GitHub\2025-CP_LessonLink\Django\Lessonlink\lessonGenerator\views.py changed, reloading.
INFO 2025-09-19 17:19:11,093 autoreload 7164 1568 Watching for file changes with StatReloader
INFO 2025-09-19 17:19:56,779 basehttp 7164 3660 "GET /drafts/ HTTP/1.1" 200 4547
INFO 2025-09-19 17:19:58,633 basehttp 7164 3660 "GET /lesson_ai/ HTTP/1.1" 200 13332
INFO 2025-09-19 17:21:18,196 basehttp 7164 11296 "POST /generate-lesson-plan/ HTTP/1.1" 200 4495
INFO 2025-09-19 17:21:18,269 basehttp 7164 11296 "GET /lesson-plan-result/ HTTP/1.1" 200 15010
INFO 2025-09-19 17:21:25,553 basehttp 7164 11296 "POST /save-lesson-plan/ HTTP/1.1" 200 87
INFO 2025-09-19 17:21:26,496 basehttp 7164 11296 "GET /drafts/4/edit/ HTTP/1.1" 200 16244
INFO 2025-09-23 14:26:27,755 autoreload 13020 2500 Watching for file changes with StatReloader
INFO 2025-09-23 14:51:37,483 basehttp 13020 14016 "GET / HTTP/1.1" 200 20309
WARNING 2025-09-23 14:51:38,705 log 13020 14016 Not Found: /favicon.ico
WARNING 2025-09-23 14:51:38,713 basehttp 13020 14016 "GET /favicon.ico HTTP/1.1" 404 13776
INFO 2025-09-23 14:51:44,817 basehttp 13020 1868 "GET /login/ HTTP/1.1" 200 12094
INFO 2025-09-23 14:52:14,160 basehttp 13020 3516 "GET /admin/ HTTP/1.1" 302 0
INFO 2025-09-23 14:52:14,429 basehttp 13020 3516 "GET /admin/login/?next=/admin/ HTTP/1.1" 200 4161
INFO 2025-09-23 14:52:22,912 basehttp 13020 3516 "POST /admin/login/?next=/admin/ HTTP/1.1" 302 0
INFO 2025-09-23 14:52:23,002 basehttp 13020 3516 "GET /admin/ HTTP/1.1" 200 10621
INFO 2025-09-23 14:52:27,836 basehttp 13020 3516 "GET /admin/lesson/user/ HTTP/1.1" 200 16278
INFO 2025-09-23 14:52:28,002 basehttp 13020 3516 "GET /admin/jsi18n/ HTTP/1.1" 200 3342
WARNING 2025-09-23 14:53:09,520 log 13020 11236 Forbidden (CSRF token from POST incorrect.): /login/
WARNING 2025-09-23 14:53:09,522 basehttp 13020 11236 "POST /login/ HTTP/1.1" 403 2503
INFO 2025-09-23 14:53:12,192 basehttp 13020 11236 "GET /login/ HTTP/1.1" 302 0
INFO 2025-09-23 14:53:12,304 basehttp 13020 11236 "GET /dashboard/ HTTP/1.1" 200 34354
INFO 2025-09-23 14:53:23,117 basehttp 13020 15224 "GET /profile/ HTTP/1.1" 200 37857
INFO 2025-09-23 14:53:32,036 basehttp 13020 15224 "GET /dashboard/ HTTP/1.1" 200 34354
INFO 2025-09-23 14:53:35,294 basehttp 13020 10196 "GET /logout/ HTTP/1.1" 302 0
INFO 2025-09-23 14:53:35,304 basehttp 13020 10196 "GET / HTTP/1.1" 200 20309
INFO 2025-09-23 14:53:37,120 basehttp 13020 10196 "GET /login/ HTTP/1.1" 200 12813
INFO 2025-09-23 14:53:47,957 basehttp 13020 1936 "POST /login/ HTTP/1.1" 200 12829
INFO 2025-09-23 14:53:54,388 basehttp 13020 13136 "POST /login/ HTTP/1.1" 302 0
INFO 2025-09-23 14:53:54,419 basehttp 13020 13136 "GET /dep_dash/ HTTP/1.1" 200 37875
ERROR 2025-09-23 14:53:58,399 log 13020 13136 Internal Server Error: /dep_pending/
Traceback (most recent call last):
  File "C:\Users\joyce\AppData\Local\Programs\Python\Python313\Lib\site-packages\django\db\backends\utils.py", line 105, in _execute
    return self.cursor.execute(sql, params)
           ~~~~~~~~~~~~~~~~~~~^^^^^^^^^^^^^
  File "C:\Users\joyce\AppData\Local\Programs\Python\Python313\Lib\site-packages\django\db\backends\sqlite3\base.py", line 354, in execute
    return super().execute(query, params)
           ~~~~~~~~~~~~~~~^^^^^^^^^^^^^^^
sqlite3.OperationalError: no such table: lesson_lessonplansubmission

The above exception was the direct cause of the following exception:

Traceback (most recent call last):
  File "C:\Users\joyce\AppData\Local\Programs\Python\Python313\Lib\site-packages\django\core\handlers\exception.py", line 55, in inner
    response = get_response(request)
  File "C:\Users\joyce\AppData\Local\Programs\Python\Python313\Lib\site-packages\django\core\handlers\base.py", line 197, in _get_response
    response = wrapped_callback(request, *callback_args, **callback_kwargs)
  File "C:\Users\joyce\AppData\Local\Programs\Python\Python313\Lib\site-packages\django\contrib\auth\decorators.py", line 60, in _view_wrapper
    return view_func(request, *args, **kwargs)
  File "C:\Users\joyce\OneDrive\Documents\Github\2025-CP_LessonLink\Django\Lessonlink\lesson\views.py", line 1129, in Dep_Pending
    for submission in pending_submissions:
                      ^^^^^^^^^^^^^^^^^^^
  File "C:\Users\joyce\AppData\Local\Programs\Python\Python313\Lib\site-packages\django\db\models\query.py", line 400, in __iter__
    self._fetch_all()
    ~~~~~~~~~~~~~~~^^
  File "C:\Users\joyce\AppData\Local\Programs\Python\Python313\Lib\site-packages\django\db\models\query.py", line 1928, in _fetch_all
    self._result_cache = list(self._iterable_class(self))
                         ~~~~^^^^^^^^^^^^^^^^^^^^^^^^^^^^
  File "C:\Users\joyce\AppData\Local\Programs\Python\Python313\Lib\site-packages\django\db\models\query.py", line 91, in __iter__
    results = compiler.execute_sql(
        chunked_fetch=self.chunked_fetch, chunk_size=self.chunk_size
    )
  File "C:\Users\joyce\AppData\Local\Programs\Python\Python313\Lib\site-packages\django\db\models\sql\compiler.py", line 1574, in execute_sql
    cursor.execute(sql, params)
    ~~~~~~~~~~~~~~^^^^^^^^^^^^^
  File "C:\Users\joyce\AppData\Local\Programs\Python\Python313\Lib\site-packages\django\db\backends\utils.py", line 122, in execute
    return super().execute(sql, params)
           ~~~~~~~~~~~~~~~^^^^^^^^^^^^^
  File "C:\Users\joyce\AppData\Local\Programs\Python\Python313\Lib\site-packages\django\db\backends\utils.py", line 79, in execute
    return self._execute_with_wrappers(
           ~~~~~~~~~~~~~~~~~~~~~~~~~~~^
        sql, params, many=False, executor=self._execute
        ^^^^^^^^^^^^^^^^^^^^^^^^^^^^^^^^^^^^^^^^^^^^^^^
    )
    ^
  File "C:\Users\joyce\AppData\Local\Programs\Python\Python313\Lib\site-packages\django\db\backends\utils.py", line 92, in _execute_with_wrappers
    return executor(sql, params, many, context)
  File "C:\Users\joyce\AppData\Local\Programs\Python\Python313\Lib\site-packages\django\db\backends\utils.py", line 100, in _execute
    with self.db.wrap_database_errors:
         ^^^^^^^^^^^^^^^^^^^^^^^^^^^^
  File "C:\Users\joyce\AppData\Local\Programs\Python\Python313\Lib\site-packages\django\db\utils.py", line 91, in __exit__
    raise dj_exc_value.with_traceback(traceback) from exc_value
  File "C:\Users\joyce\AppData\Local\Programs\Python\Python313\Lib\site-packages\django\db\backends\utils.py", line 105, in _execute
    return self.cursor.execute(sql, params)
           ~~~~~~~~~~~~~~~~~~~^^^^^^^^^^^^^
  File "C:\Users\joyce\AppData\Local\Programs\Python\Python313\Lib\site-packages\django\db\backends\sqlite3\base.py", line 354, in execute
    return super().execute(query, params)
           ~~~~~~~~~~~~~~~^^^^^^^^^^^^^^^
django.db.utils.OperationalError: no such table: lesson_lessonplansubmission
ERROR 2025-09-23 14:53:58,418 basehttp 13020 13136 "GET /dep_pending/ HTTP/1.1" 500 164570
INFO 2025-09-23 14:54:53,620 autoreload 14372 7992 Watching for file changes with StatReloader
INFO 2025-09-23 14:54:57,437 basehttp 14372 4252 "GET /dep_pending/ HTTP/1.1" 200 12980
INFO 2025-09-23 14:55:00,654 basehttp 14372 12820 "GET /dep_dash/ HTTP/1.1" 200 37875
INFO 2025-09-23 14:55:16,983 basehttp 14372 2536 "GET /profile/ HTTP/1.1" 200 38356
INFO 2025-09-23 14:55:26,451 basehttp 14372 7040 "GET /dep_dash/ HTTP/1.1" 200 37875
INFO 2025-09-23 14:55:29,879 basehttp 14372 7040 "GET /logout/ HTTP/1.1" 302 0
INFO 2025-09-23 14:55:29,893 basehttp 14372 7040 "GET / HTTP/1.1" 200 20309
INFO 2025-09-23 14:55:31,669 basehttp 14372 7040 "GET /login/ HTTP/1.1" 200 12813
INFO 2025-09-23 14:55:36,413 basehttp 14372 10852 "GET /registration_1/ HTTP/1.1" 200 26939
INFO 2025-09-23 14:55:39,750 basehttp 14372 14768 "POST /registration_1/ HTTP/1.1" 200 51
INFO 2025-09-23 14:55:39,945 basehttp 14372 14768 "POST /registration_1/ HTTP/1.1" 200 51
INFO 2025-09-23 14:55:41,069 basehttp 14372 14768 "POST /registration_1/ HTTP/1.1" 200 51
INFO 2025-09-23 14:55:59,557 basehttp 14372 5604 "POST /registration_1/ HTTP/1.1" 302 0
INFO 2025-09-23 14:55:59,644 basehttp 14372 5604 "GET /registration_2/ HTTP/1.1" 200 7967
INFO 2025-09-23 14:56:03,393 basehttp 14372 11684 "POST /registration_2/ HTTP/1.1" 302 0
INFO 2025-09-23 14:56:03,485 basehttp 14372 11684 "GET /registration_3/ HTTP/1.1" 200 11389
INFO 2025-09-23 14:56:07,149 basehttp 14372 11684 "POST /registration_3/ HTTP/1.1" 302 0
INFO 2025-09-23 14:56:07,198 basehttp 14372 11684 "GET /registration_4/ HTTP/1.1" 200 18806
WARNING 2025-09-23 14:56:14,723 log 14372 11396 Not Found: /api/check-department-head/
WARNING 2025-09-23 14:56:14,725 basehttp 14372 11396 "GET /api/check-department-head/?school=2&department=English HTTP/1.1" 404 15886
INFO 2025-09-23 14:56:20,753 basehttp 14372 68 "POST /registration_4/ HTTP/1.1" 302 0
INFO 2025-09-23 14:56:20,775 basehttp 14372 68 "GET /dep_dash/ HTTP/1.1" 200 37889
INFO 2025-09-23 14:56:29,215 basehttp 14372 12956 "GET /logout/ HTTP/1.1" 302 0
INFO 2025-09-23 14:56:29,238 basehttp 14372 12956 "GET / HTTP/1.1" 200 20309
INFO 2025-09-23 14:56:33,203 basehttp 14372 12956 "GET /admin/ HTTP/1.1" 302 0
INFO 2025-09-23 14:56:33,245 basehttp 14372 12956 "GET /admin/login/?next=/admin/ HTTP/1.1" 200 4413
INFO 2025-09-23 14:56:43,162 basehttp 14372 6092 "POST /admin/login/?next=/admin/ HTTP/1.1" 302 0
INFO 2025-09-23 14:56:43,204 basehttp 14372 6092 "GET /admin/ HTTP/1.1" 200 10621
INFO 2025-09-23 14:56:44,847 basehttp 14372 6092 "GET /admin/lesson/user/ HTTP/1.1" 200 16911
INFO 2025-09-23 14:56:44,928 basehttp 14372 6092 "GET /admin/jsi18n/ HTTP/1.1" 200 3342
INFO 2025-09-23 14:56:53,381 basehttp 14372 4300 "POST /admin/logout/ HTTP/1.1" 302 0
INFO 2025-09-23 14:56:53,397 basehttp 14372 4300 "GET / HTTP/1.1" 200 20309
INFO 2025-09-23 14:56:56,649 basehttp 14372 4300 "GET /login/ HTTP/1.1" 200 12094
INFO 2025-09-23 14:57:05,692 basehttp 14372 10820 "POST /login/ HTTP/1.1" 302 0
INFO 2025-09-23 14:57:05,721 basehttp 14372 10820 "GET /dashboard/ HTTP/1.1" 200 34354
INFO 2025-09-23 14:57:08,872 basehttp 14372 12940 "GET /drafts/ HTTP/1.1" 200 62971
INFO 2025-09-23 14:57:14,912 basehttp 14372 12940 "POST /submit-lesson-plan/7/ HTTP/1.1" 302 0
INFO 2025-09-23 14:57:14,966 basehttp 14372 12940 "GET /drafts/ HTTP/1.1" 200 62994
INFO 2025-09-23 14:58:37,390 autoreload 14372 7992 C:\Users\joyce\OneDrive\Documents\Github\2025-CP_LessonLink\Django\Lessonlink\lessonGenerator\models.py changed, reloading.
INFO 2025-09-23 14:59:17,459 autoreload 1156 5328 Watching for file changes with StatReloader
INFO 2025-09-23 14:59:29,054 basehttp 1156 10876 "GET /drafts/ HTTP/1.1" 200 62413
INFO 2025-09-23 14:59:35,224 basehttp 1156 6608 "POST /submit-lesson-plan/7/ HTTP/1.1" 302 0
INFO 2025-09-23 14:59:35,258 basehttp 1156 6608 "GET /drafts/ HTTP/1.1" 200 58179
INFO 2025-09-23 14:59:40,494 basehttp 1156 8252 "GET /logout/ HTTP/1.1" 302 0
INFO 2025-09-23 14:59:40,527 basehttp 1156 8252 "GET / HTTP/1.1" 200 20309
INFO 2025-09-23 14:59:43,336 basehttp 1156 8252 "GET /login/ HTTP/1.1" 200 12813
INFO 2025-09-23 15:00:12,484 basehttp 1156 9932 "POST /login/ HTTP/1.1" 302 0
INFO 2025-09-23 15:00:12,505 basehttp 1156 9932 "GET /dep_dash/ HTTP/1.1" 200 37889
INFO 2025-09-23 15:00:19,345 basehttp 1156 13680 "GET /dep_pending/ HTTP/1.1" 200 14855
ERROR 2025-09-23 15:00:25,717 log 1156 12372 Internal Server Error: /lesson-plan-detail/1/
Traceback (most recent call last):
  File "C:\Users\joyce\AppData\Local\Programs\Python\Python313\Lib\site-packages\django\core\handlers\exception.py", line 55, in inner
    response = get_response(request)
  File "C:\Users\joyce\AppData\Local\Programs\Python\Python313\Lib\site-packages\django\core\handlers\base.py", line 197, in _get_response
    response = wrapped_callback(request, *callback_args, **callback_kwargs)
  File "C:\Users\joyce\AppData\Local\Programs\Python\Python313\Lib\site-packages\django\contrib\auth\decorators.py", line 60, in _view_wrapper
    return view_func(request, *args, **kwargs)
  File "C:\Users\joyce\OneDrive\Documents\Github\2025-CP_LessonLink\Django\Lessonlink\lesson\views.py", line 1202, in lesson_plan_detail
    return render(request, 'lesson_plan_detail.html', {
        'submission': submission,
    ...<2 lines>...
        'can_review': request.user == submission.submitted_to and submission.status == 'submitted'
    })
  File "C:\Users\joyce\AppData\Local\Programs\Python\Python313\Lib\site-packages\django\shortcuts.py", line 25, in render
    content = loader.render_to_string(template_name, context, request, using=using)
  File "C:\Users\joyce\AppData\Local\Programs\Python\Python313\Lib\site-packages\django\template\loader.py", line 61, in render_to_string
    template = get_template(template_name, using=using)
  File "C:\Users\joyce\AppData\Local\Programs\Python\Python313\Lib\site-packages\django\template\loader.py", line 15, in get_template
    return engine.get_template(template_name)
           ~~~~~~~~~~~~~~~~~~~^^^^^^^^^^^^^^^
  File "C:\Users\joyce\AppData\Local\Programs\Python\Python313\Lib\site-packages\django\template\backends\django.py", line 79, in get_template
    return Template(self.engine.get_template(template_name), self)
                    ~~~~~~~~~~~~~~~~~~~~~~~~^^^^^^^^^^^^^^^
  File "C:\Users\joyce\AppData\Local\Programs\Python\Python313\Lib\site-packages\django\template\engine.py", line 177, in get_template
    template, origin = self.find_template(template_name)
                       ~~~~~~~~~~~~~~~~~~^^^^^^^^^^^^^^^
  File "C:\Users\joyce\AppData\Local\Programs\Python\Python313\Lib\site-packages\django\template\engine.py", line 159, in find_template
    template = loader.get_template(name, skip=skip)
  File "C:\Users\joyce\AppData\Local\Programs\Python\Python313\Lib\site-packages\django\template\loaders\cached.py", line 57, in get_template
    template = super().get_template(template_name, skip)
  File "C:\Users\joyce\AppData\Local\Programs\Python\Python313\Lib\site-packages\django\template\loaders\base.py", line 28, in get_template
    return Template(
        contents,
    ...<2 lines>...
        self.engine,
    )
  File "C:\Users\joyce\AppData\Local\Programs\Python\Python313\Lib\site-packages\django\template\base.py", line 154, in __init__
    self.nodelist = self.compile_nodelist()
                    ~~~~~~~~~~~~~~~~~~~~~^^
  File "C:\Users\joyce\AppData\Local\Programs\Python\Python313\Lib\site-packages\django\template\base.py", line 196, in compile_nodelist
    nodelist = parser.parse()
  File "C:\Users\joyce\AppData\Local\Programs\Python\Python313\Lib\site-packages\django\template\base.py", line 518, in parse
    raise self.error(token, e)
  File "C:\Users\joyce\AppData\Local\Programs\Python\Python313\Lib\site-packages\django\template\base.py", line 516, in parse
    compiled_result = compile_func(self, token)
  File "C:\Users\joyce\AppData\Local\Programs\Python\Python313\Lib\site-packages\django\template\defaulttags.py", line 962, in do_if
    nodelist = parser.parse(("elif", "else", "endif"))
  File "C:\Users\joyce\AppData\Local\Programs\Python\Python313\Lib\site-packages\django\template\base.py", line 518, in parse
    raise self.error(token, e)
  File "C:\Users\joyce\AppData\Local\Programs\Python\Python313\Lib\site-packages\django\template\base.py", line 516, in parse
    compiled_result = compile_func(self, token)
  File "C:\Users\joyce\AppData\Local\Programs\Python\Python313\Lib\site-packages\django\template\defaulttags.py", line 962, in do_if
    nodelist = parser.parse(("elif", "else", "endif"))
  File "C:\Users\joyce\AppData\Local\Programs\Python\Python313\Lib\site-packages\django\template\base.py", line 518, in parse
    raise self.error(token, e)
  File "C:\Users\joyce\AppData\Local\Programs\Python\Python313\Lib\site-packages\django\template\base.py", line 516, in parse
    compiled_result = compile_func(self, token)
  File "C:\Users\joyce\AppData\Local\Programs\Python\Python313\Lib\site-packages\django\template\defaulttags.py", line 862, in do_for
    nodelist_loop = parser.parse(
        (
    ...<2 lines>...
        )
    )
  File "C:\Users\joyce\AppData\Local\Programs\Python\Python313\Lib\site-packages\django\template\base.py", line 518, in parse
    raise self.error(token, e)
  File "C:\Users\joyce\AppData\Local\Programs\Python\Python313\Lib\site-packages\django\template\base.py", line 516, in parse
    compiled_result = compile_func(self, token)
  File "C:\Users\joyce\AppData\Local\Programs\Python\Python313\Lib\site-packages\django\template\defaulttags.py", line 962, in do_if
    nodelist = parser.parse(("elif", "else", "endif"))
  File "C:\Users\joyce\AppData\Local\Programs\Python\Python313\Lib\site-packages\django\template\base.py", line 518, in parse
    raise self.error(token, e)
  File "C:\Users\joyce\AppData\Local\Programs\Python\Python313\Lib\site-packages\django\template\base.py", line 516, in parse
    compiled_result = compile_func(self, token)
  File "C:\Users\joyce\AppData\Local\Programs\Python\Python313\Lib\site-packages\django\template\defaulttags.py", line 962, in do_if
    nodelist = parser.parse(("elif", "else", "endif"))
  File "C:\Users\joyce\AppData\Local\Programs\Python\Python313\Lib\site-packages\django\template\base.py", line 489, in parse
    raise self.error(token, e)
  File "C:\Users\joyce\AppData\Local\Programs\Python\Python313\Lib\site-packages\django\template\base.py", line 487, in parse
    filter_expression = self.compile_filter(token.contents)
  File "C:\Users\joyce\AppData\Local\Programs\Python\Python313\Lib\site-packages\django\template\base.py", line 605, in compile_filter
    return FilterExpression(token, self)
  File "C:\Users\joyce\AppData\Local\Programs\Python\Python313\Lib\site-packages\django\template\base.py", line 701, in __init__
    filter_func = parser.find_filter(filter_name)
  File "C:\Users\joyce\AppData\Local\Programs\Python\Python313\Lib\site-packages\django\template\base.py", line 611, in find_filter
    raise TemplateSyntaxError("Invalid filter: '%s'" % filter_name)
django.template.exceptions.TemplateSyntaxError: Invalid filter: 'strip'
ERROR 2025-09-23 15:00:25,739 basehttp 1156 12372 "GET /lesson-plan-detail/1/ HTTP/1.1" 500 382478
ERROR 2025-09-23 15:05:51,096 log 1156 9944 Internal Server Error: /lesson-plan-detail/1/
Traceback (most recent call last):
  File "C:\Users\joyce\AppData\Local\Programs\Python\Python313\Lib\site-packages\django\core\handlers\exception.py", line 55, in inner
    response = get_response(request)
  File "C:\Users\joyce\AppData\Local\Programs\Python\Python313\Lib\site-packages\django\core\handlers\base.py", line 197, in _get_response
    response = wrapped_callback(request, *callback_args, **callback_kwargs)
  File "C:\Users\joyce\AppData\Local\Programs\Python\Python313\Lib\site-packages\django\contrib\auth\decorators.py", line 60, in _view_wrapper
    return view_func(request, *args, **kwargs)
  File "C:\Users\joyce\OneDrive\Documents\Github\2025-CP_LessonLink\Django\Lessonlink\lesson\views.py", line 1202, in lesson_plan_detail
    return render(request, 'lesson_plan_detail.html', {
        'submission': submission,
    ...<2 lines>...
        'can_review': request.user == submission.submitted_to and submission.status == 'submitted'
    })
  File "C:\Users\joyce\AppData\Local\Programs\Python\Python313\Lib\site-packages\django\shortcuts.py", line 25, in render
    content = loader.render_to_string(template_name, context, request, using=using)
  File "C:\Users\joyce\AppData\Local\Programs\Python\Python313\Lib\site-packages\django\template\loader.py", line 61, in render_to_string
    template = get_template(template_name, using=using)
  File "C:\Users\joyce\AppData\Local\Programs\Python\Python313\Lib\site-packages\django\template\loader.py", line 15, in get_template
    return engine.get_template(template_name)
           ~~~~~~~~~~~~~~~~~~~^^^^^^^^^^^^^^^
  File "C:\Users\joyce\AppData\Local\Programs\Python\Python313\Lib\site-packages\django\template\backends\django.py", line 79, in get_template
    return Template(self.engine.get_template(template_name), self)
                    ~~~~~~~~~~~~~~~~~~~~~~~~^^^^^^^^^^^^^^^
  File "C:\Users\joyce\AppData\Local\Programs\Python\Python313\Lib\site-packages\django\template\engine.py", line 177, in get_template
    template, origin = self.find_template(template_name)
                       ~~~~~~~~~~~~~~~~~~^^^^^^^^^^^^^^^
  File "C:\Users\joyce\AppData\Local\Programs\Python\Python313\Lib\site-packages\django\template\engine.py", line 159, in find_template
    template = loader.get_template(name, skip=skip)
  File "C:\Users\joyce\AppData\Local\Programs\Python\Python313\Lib\site-packages\django\template\loaders\cached.py", line 57, in get_template
    template = super().get_template(template_name, skip)
  File "C:\Users\joyce\AppData\Local\Programs\Python\Python313\Lib\site-packages\django\template\loaders\base.py", line 28, in get_template
    return Template(
        contents,
    ...<2 lines>...
        self.engine,
    )
  File "C:\Users\joyce\AppData\Local\Programs\Python\Python313\Lib\site-packages\django\template\base.py", line 154, in __init__
    self.nodelist = self.compile_nodelist()
                    ~~~~~~~~~~~~~~~~~~~~~^^
  File "C:\Users\joyce\AppData\Local\Programs\Python\Python313\Lib\site-packages\django\template\base.py", line 196, in compile_nodelist
    nodelist = parser.parse()
  File "C:\Users\joyce\AppData\Local\Programs\Python\Python313\Lib\site-packages\django\template\base.py", line 518, in parse
    raise self.error(token, e)
  File "C:\Users\joyce\AppData\Local\Programs\Python\Python313\Lib\site-packages\django\template\base.py", line 516, in parse
    compiled_result = compile_func(self, token)
  File "C:\Users\joyce\AppData\Local\Programs\Python\Python313\Lib\site-packages\django\template\defaulttags.py", line 962, in do_if
    nodelist = parser.parse(("elif", "else", "endif"))
  File "C:\Users\joyce\AppData\Local\Programs\Python\Python313\Lib\site-packages\django\template\base.py", line 518, in parse
    raise self.error(token, e)
  File "C:\Users\joyce\AppData\Local\Programs\Python\Python313\Lib\site-packages\django\template\base.py", line 516, in parse
    compiled_result = compile_func(self, token)
  File "C:\Users\joyce\AppData\Local\Programs\Python\Python313\Lib\site-packages\django\template\defaulttags.py", line 962, in do_if
    nodelist = parser.parse(("elif", "else", "endif"))
  File "C:\Users\joyce\AppData\Local\Programs\Python\Python313\Lib\site-packages\django\template\base.py", line 518, in parse
    raise self.error(token, e)
  File "C:\Users\joyce\AppData\Local\Programs\Python\Python313\Lib\site-packages\django\template\base.py", line 516, in parse
    compiled_result = compile_func(self, token)
  File "C:\Users\joyce\AppData\Local\Programs\Python\Python313\Lib\site-packages\django\template\defaulttags.py", line 862, in do_for
    nodelist_loop = parser.parse(
        (
    ...<2 lines>...
        )
    )
  File "C:\Users\joyce\AppData\Local\Programs\Python\Python313\Lib\site-packages\django\template\base.py", line 518, in parse
    raise self.error(token, e)
  File "C:\Users\joyce\AppData\Local\Programs\Python\Python313\Lib\site-packages\django\template\base.py", line 516, in parse
    compiled_result = compile_func(self, token)
  File "C:\Users\joyce\AppData\Local\Programs\Python\Python313\Lib\site-packages\django\template\defaulttags.py", line 962, in do_if
    nodelist = parser.parse(("elif", "else", "endif"))
  File "C:\Users\joyce\AppData\Local\Programs\Python\Python313\Lib\site-packages\django\template\base.py", line 518, in parse
    raise self.error(token, e)
  File "C:\Users\joyce\AppData\Local\Programs\Python\Python313\Lib\site-packages\django\template\base.py", line 516, in parse
    compiled_result = compile_func(self, token)
  File "C:\Users\joyce\AppData\Local\Programs\Python\Python313\Lib\site-packages\django\template\defaulttags.py", line 962, in do_if
    nodelist = parser.parse(("elif", "else", "endif"))
  File "C:\Users\joyce\AppData\Local\Programs\Python\Python313\Lib\site-packages\django\template\base.py", line 489, in parse
    raise self.error(token, e)
  File "C:\Users\joyce\AppData\Local\Programs\Python\Python313\Lib\site-packages\django\template\base.py", line 487, in parse
    filter_expression = self.compile_filter(token.contents)
  File "C:\Users\joyce\AppData\Local\Programs\Python\Python313\Lib\site-packages\django\template\base.py", line 605, in compile_filter
    return FilterExpression(token, self)
  File "C:\Users\joyce\AppData\Local\Programs\Python\Python313\Lib\site-packages\django\template\base.py", line 701, in __init__
    filter_func = parser.find_filter(filter_name)
  File "C:\Users\joyce\AppData\Local\Programs\Python\Python313\Lib\site-packages\django\template\base.py", line 611, in find_filter
    raise TemplateSyntaxError("Invalid filter: '%s'" % filter_name)
django.template.exceptions.TemplateSyntaxError: Invalid filter: 'strip'
ERROR 2025-09-23 15:05:51,107 basehttp 1156 9944 "GET /lesson-plan-detail/1/ HTTP/1.1" 500 383083
INFO 2025-09-23 15:11:57,100 basehttp 1156 2744 "GET /dep_pending/ HTTP/1.1" 200 14861
INFO 2025-09-23 15:12:01,548 basehttp 1156 2744 "GET /dep_dash/ HTTP/1.1" 200 37889
INFO 2025-09-23 15:12:05,002 basehttp 1156 9644 "GET /dep_pending/ HTTP/1.1" 200 14861
INFO 2025-09-23 15:12:24,022 basehttp 1156 9624 "GET /logout/ HTTP/1.1" 302 0
INFO 2025-09-23 15:12:24,046 basehttp 1156 9624 "GET / HTTP/1.1" 200 20309
INFO 2025-09-23 15:12:26,572 basehttp 1156 13952 "GET /login/ HTTP/1.1" 200 13477
INFO 2025-09-23 15:12:31,207 basehttp 1156 13952 "GET /registration_1/ HTTP/1.1" 200 26939
INFO 2025-09-23 15:12:37,457 basehttp 1156 6124 "POST /registration_1/ HTTP/1.1" 200 51
INFO 2025-09-23 15:12:37,668 basehttp 1156 6124 "POST /registration_1/ HTTP/1.1" 200 51
INFO 2025-09-23 15:12:39,663 basehttp 1156 6124 "POST /registration_1/ HTTP/1.1" 200 51
INFO 2025-09-23 15:13:07,700 basehttp 1156 10280 "POST /registration_1/ HTTP/1.1" 302 0
INFO 2025-09-23 15:13:07,723 basehttp 1156 10280 "GET /registration_2/ HTTP/1.1" 200 7967
INFO 2025-09-23 15:13:29,833 basehttp 1156 12920 "POST /registration_2/ HTTP/1.1" 302 0
INFO 2025-09-23 15:13:29,856 basehttp 1156 12920 "GET /registration_3/ HTTP/1.1" 200 11389
INFO 2025-09-23 15:13:37,446 basehttp 1156 13768 "POST /registration_3/ HTTP/1.1" 302 0
INFO 2025-09-23 15:13:37,476 basehttp 1156 13768 "GET /registration_4/ HTTP/1.1" 200 18798
INFO 2025-09-23 15:13:49,601 basehttp 1156 1920 "POST /registration_4/ HTTP/1.1" 302 0
INFO 2025-09-23 15:13:49,634 basehttp 1156 1920 "GET /dashboard/ HTTP/1.1" 200 34341
INFO 2025-09-23 15:13:54,934 basehttp 1156 1472 "GET /drafts/ HTTP/1.1" 200 29745
INFO 2025-09-23 15:14:13,540 basehttp 1156 3176 "GET /drafts/ HTTP/1.1" 200 29154
INFO 2025-09-23 15:14:16,043 basehttp 1156 5528 "GET /lesson_ai/ HTTP/1.1" 200 35044
INFO 2025-09-23 15:15:05,177 basehttp 1156 6992 "POST /generate-lesson-plan/ HTTP/1.1" 200 3267
INFO 2025-09-23 15:15:06,002 basehttp 1156 6992 "GET /lesson-plan-result/?plan=%23%20Lesson%20Plan%3A%20Identifying%20Main%20Idea%20and%20Supporting%20Details%0A%0A**Metadata%3A**%0A*%20**Subject%3A**%20English%0A*%20**Grade%20Level%3A**%203rd%20Grade%0A*%20**Quarter%3A**%201st%20Quarter%0A*%20**Duration%3A**%2060%20minutes%0A*%20**Class%20Size%3A**%2020%20students%0A%0A**Learning%20Objectives%3A**%0A*%20Students%20will%20be%20able%20to%20identify%20the%20main%20idea%20of%20a%20short%20paragraph.%0A*%20Students%20will%20be%20able%20to%20identify%20supporting%20details%20that%20explain%20the%20main%20idea.%0A%0A**Subject%20Matter%3A**%0A*%20**Topic%3A**%20Identifying%20Main%20Idea%20and%20Supporting%20Details%0A*%20**Key%20Concepts%3A**%20Main%20idea%3A%20the%20most%20important%20point%20of%20a%20paragraph.%20Supporting%20details%3A%20sentences%20that%20explain%20or%20give%20examples%20related%20to%20the%20main%20idea.%20Understanding%20how%20authors%20use%20topic%20sentences%20and%20supporting%20details%20to%20build%20a%20coherent%20paragraph.%0A*%20**Vocabulary%3A**%20Main%20idea%2C%20supporting%20details%2C%20topic%20sentence%2C%20paragraph%2C%20explain%2C%20examples%0A%0A**Materials%20Needed%3A**%0A*%20Chart%20paper%20or%20whiteboard%0A*%20Markers%0A*%20Short%20paragraphs%20(3-4%20sentences%20each)%20on%20various%20topics%20appropriate%20for%203rd%20grade%2C%20printed%20on%20worksheets%0A*%20Highlighters%0A*%20Colored%20pencils%20or%20crayons%0A%0A**Procedure%3A**%0A%0A**Introduction%20(10%20minutes)%3A**%20Begin%20by%20asking%20students%20what%20they%20think%20the%20most%20important%20part%20of%20a%20story%20is.%20Introduce%20the%20concept%20of%20the%20main%20idea%20as%20the%20most%20important%20point.%20Use%20a%20simple%20example%2C%20such%20as%2C%20%27If%20the%20story%20is%20about%20a%20cat%20who%20lost%20its%20toy%2C%20the%20main%20idea%20is%20the%20cat%20losing%20its%20toy.%20Everything%20else%20is%20about%20how%20it%20happened%20or%20how%20the%20cat%20felt.%27%20Engage%20students%20in%20a%20short%20brainstorming%20session%20to%20identify%20main%20ideas%20in%20familiar%20stories%20or%20events.%0A%0A**Instruction%20(25%20minutes)%3A**%20Model%20the%20process%20of%20identifying%20the%20main%20idea%20and%20supporting%20details.%20Use%20a%20short%20paragraph%20from%20the%20worksheet%20and%20think-aloud%20as%20you%20read%2C%20highlighting%20the%20topic%20sentence%20(main%20idea)%20and%20underline%20supporting%20details.%20Explain%20how%20supporting%20details%20provide%20more%20information%20and%20expand%20on%20the%20main%20idea.%20Guide%20students%20to%20work%20through%20one%20or%20two%20additional%20paragraphs%20together%2C%20focusing%20on%20identifying%20the%20key%20sentence%20and%20the%20supporting%20facts.%0A%0A**Application%20(15%20minutes)%3A**%20Students%20will%20work%20independently%20or%20in%20small%20groups%20to%20read%20and%20analyze%20the%20remaining%20paragraphs%20on%20their%20worksheets%2C%20identifying%20the%20main%20idea%20and%20highlighting%20supporting%20details%20using%20highlighters.%20Circulate%20to%20assist%20students%20who%20need%20help.%20Encourage%20peer-to-peer%20learning.%0A%0A**Evaluation%20(5%20minutes)%3A**%20Briefly%20review%20the%20key%20concepts%20and%20address%20any%20remaining%20questions%20or%20confusion.%20Facilitate%20a%20class%20discussion%20about%20different%20paragraphs%2C%20sharing%20answers%20and%20explanations.%0A%0A**Assessment%20(5%20minutes)%3A**%20Students%20will%20turn%20in%20their%20completed%20worksheets.%20Review%20these%20for%20accuracy%20in%20identifying%20main%20idea%20and%20supporting%20details.%20This%20can%20inform%20future%20instruction%20and%20differentiate%20accordingly.%0A%0A**Differentiation%3A**%0A%0A**Support%3A**%0A*%20Provide%20students%20with%20graphic%20organizers%20to%20help%20them%20visually%20represent%20the%20main%20idea%20and%20supporting%20details.%0A*%20Offer%20pre-selected%20main%20ideas%20for%20students%20to%20identify%20supporting%20details%20within%20the%20paragraph.%0A%0A**Extension%3A**%0A*%20Challenge%20students%20to%20write%20their%20own%20short%20paragraph%20with%20a%20clear%20main%20idea%20and%20supporting%20details.%0A*%20Have%20students%20find%20examples%20of%20main%20idea%20and%20supporting%20details%20from%20a%20chapter%20book%20read%20aloud. HTTP/1.1" 200 19546
INFO 2025-09-23 15:15:17,555 basehttp 1156 10184 "POST /save-lesson-plan/ HTTP/1.1" 200 87
INFO 2025-09-23 15:15:19,732 basehttp 1156 10184 "GET /drafts/8/edit/ HTTP/1.1" 200 16312
INFO 2025-09-23 15:15:25,601 basehttp 1156 6520 "GET /drafts/ HTTP/1.1" 200 33507
INFO 2025-09-23 15:15:32,927 basehttp 1156 6520 "GET /drafts/ HTTP/1.1" 200 33507
INFO 2025-09-23 15:15:42,212 basehttp 1156 1116 "POST /submit-lesson-plan/8/ HTTP/1.1" 302 0
INFO 2025-09-23 15:15:42,233 basehttp 1156 1116 "GET /drafts/ HTTP/1.1" 200 29742
INFO 2025-09-23 15:15:50,644 basehttp 1156 8992 "GET /drafts/ HTTP/1.1" 200 29154
INFO 2025-09-23 15:15:58,729 basehttp 1156 5132 "GET /drafts/ HTTP/1.1" 200 29154
INFO 2025-09-23 15:16:01,763 basehttp 1156 5132 "GET /logout/ HTTP/1.1" 302 0
INFO 2025-09-23 15:16:01,777 basehttp 1156 5132 "GET / HTTP/1.1" 200 20309
INFO 2025-09-23 15:16:07,488 basehttp 1156 13084 "GET /login/ HTTP/1.1" 200 12813
INFO 2025-09-23 15:16:17,925 basehttp 1156 12624 "POST /login/ HTTP/1.1" 302 0
INFO 2025-09-23 15:16:17,948 basehttp 1156 12624 "GET /dep_dash/ HTTP/1.1" 200 37889
INFO 2025-09-23 15:16:20,359 basehttp 1156 12624 "GET /dep_pending/ HTTP/1.1" 200 17009
ERROR 2025-09-23 15:16:28,370 log 1156 7440 Internal Server Error: /lesson-plan-detail/2/
Traceback (most recent call last):
  File "C:\Users\joyce\AppData\Local\Programs\Python\Python313\Lib\site-packages\django\core\handlers\exception.py", line 55, in inner
    response = get_response(request)
  File "C:\Users\joyce\AppData\Local\Programs\Python\Python313\Lib\site-packages\django\core\handlers\base.py", line 197, in _get_response
    response = wrapped_callback(request, *callback_args, **callback_kwargs)
  File "C:\Users\joyce\AppData\Local\Programs\Python\Python313\Lib\site-packages\django\contrib\auth\decorators.py", line 60, in _view_wrapper
    return view_func(request, *args, **kwargs)
  File "C:\Users\joyce\OneDrive\Documents\Github\2025-CP_LessonLink\Django\Lessonlink\lesson\views.py", line 1202, in lesson_plan_detail
    return render(request, 'lesson_plan_detail.html', {
        'submission': submission,
    ...<2 lines>...
        'can_review': request.user == submission.submitted_to and submission.status == 'submitted'
    })
  File "C:\Users\joyce\AppData\Local\Programs\Python\Python313\Lib\site-packages\django\shortcuts.py", line 25, in render
    content = loader.render_to_string(template_name, context, request, using=using)
  File "C:\Users\joyce\AppData\Local\Programs\Python\Python313\Lib\site-packages\django\template\loader.py", line 61, in render_to_string
    template = get_template(template_name, using=using)
  File "C:\Users\joyce\AppData\Local\Programs\Python\Python313\Lib\site-packages\django\template\loader.py", line 15, in get_template
    return engine.get_template(template_name)
           ~~~~~~~~~~~~~~~~~~~^^^^^^^^^^^^^^^
  File "C:\Users\joyce\AppData\Local\Programs\Python\Python313\Lib\site-packages\django\template\backends\django.py", line 79, in get_template
    return Template(self.engine.get_template(template_name), self)
                    ~~~~~~~~~~~~~~~~~~~~~~~~^^^^^^^^^^^^^^^
  File "C:\Users\joyce\AppData\Local\Programs\Python\Python313\Lib\site-packages\django\template\engine.py", line 177, in get_template
    template, origin = self.find_template(template_name)
                       ~~~~~~~~~~~~~~~~~~^^^^^^^^^^^^^^^
  File "C:\Users\joyce\AppData\Local\Programs\Python\Python313\Lib\site-packages\django\template\engine.py", line 159, in find_template
    template = loader.get_template(name, skip=skip)
  File "C:\Users\joyce\AppData\Local\Programs\Python\Python313\Lib\site-packages\django\template\loaders\cached.py", line 57, in get_template
    template = super().get_template(template_name, skip)
  File "C:\Users\joyce\AppData\Local\Programs\Python\Python313\Lib\site-packages\django\template\loaders\base.py", line 28, in get_template
    return Template(
        contents,
    ...<2 lines>...
        self.engine,
    )
  File "C:\Users\joyce\AppData\Local\Programs\Python\Python313\Lib\site-packages\django\template\base.py", line 154, in __init__
    self.nodelist = self.compile_nodelist()
                    ~~~~~~~~~~~~~~~~~~~~~^^
  File "C:\Users\joyce\AppData\Local\Programs\Python\Python313\Lib\site-packages\django\template\base.py", line 196, in compile_nodelist
    nodelist = parser.parse()
  File "C:\Users\joyce\AppData\Local\Programs\Python\Python313\Lib\site-packages\django\template\base.py", line 518, in parse
    raise self.error(token, e)
  File "C:\Users\joyce\AppData\Local\Programs\Python\Python313\Lib\site-packages\django\template\base.py", line 516, in parse
    compiled_result = compile_func(self, token)
  File "C:\Users\joyce\AppData\Local\Programs\Python\Python313\Lib\site-packages\django\template\defaulttags.py", line 962, in do_if
    nodelist = parser.parse(("elif", "else", "endif"))
  File "C:\Users\joyce\AppData\Local\Programs\Python\Python313\Lib\site-packages\django\template\base.py", line 518, in parse
    raise self.error(token, e)
  File "C:\Users\joyce\AppData\Local\Programs\Python\Python313\Lib\site-packages\django\template\base.py", line 516, in parse
    compiled_result = compile_func(self, token)
  File "C:\Users\joyce\AppData\Local\Programs\Python\Python313\Lib\site-packages\django\template\defaulttags.py", line 962, in do_if
    nodelist = parser.parse(("elif", "else", "endif"))
  File "C:\Users\joyce\AppData\Local\Programs\Python\Python313\Lib\site-packages\django\template\base.py", line 518, in parse
    raise self.error(token, e)
  File "C:\Users\joyce\AppData\Local\Programs\Python\Python313\Lib\site-packages\django\template\base.py", line 516, in parse
    compiled_result = compile_func(self, token)
  File "C:\Users\joyce\AppData\Local\Programs\Python\Python313\Lib\site-packages\django\template\defaulttags.py", line 862, in do_for
    nodelist_loop = parser.parse(
        (
    ...<2 lines>...
        )
    )
  File "C:\Users\joyce\AppData\Local\Programs\Python\Python313\Lib\site-packages\django\template\base.py", line 518, in parse
    raise self.error(token, e)
  File "C:\Users\joyce\AppData\Local\Programs\Python\Python313\Lib\site-packages\django\template\base.py", line 516, in parse
    compiled_result = compile_func(self, token)
  File "C:\Users\joyce\AppData\Local\Programs\Python\Python313\Lib\site-packages\django\template\defaulttags.py", line 962, in do_if
    nodelist = parser.parse(("elif", "else", "endif"))
  File "C:\Users\joyce\AppData\Local\Programs\Python\Python313\Lib\site-packages\django\template\base.py", line 518, in parse
    raise self.error(token, e)
  File "C:\Users\joyce\AppData\Local\Programs\Python\Python313\Lib\site-packages\django\template\base.py", line 516, in parse
    compiled_result = compile_func(self, token)
  File "C:\Users\joyce\AppData\Local\Programs\Python\Python313\Lib\site-packages\django\template\defaulttags.py", line 962, in do_if
    nodelist = parser.parse(("elif", "else", "endif"))
  File "C:\Users\joyce\AppData\Local\Programs\Python\Python313\Lib\site-packages\django\template\base.py", line 489, in parse
    raise self.error(token, e)
  File "C:\Users\joyce\AppData\Local\Programs\Python\Python313\Lib\site-packages\django\template\base.py", line 487, in parse
    filter_expression = self.compile_filter(token.contents)
  File "C:\Users\joyce\AppData\Local\Programs\Python\Python313\Lib\site-packages\django\template\base.py", line 605, in compile_filter
    return FilterExpression(token, self)
  File "C:\Users\joyce\AppData\Local\Programs\Python\Python313\Lib\site-packages\django\template\base.py", line 701, in __init__
    filter_func = parser.find_filter(filter_name)
  File "C:\Users\joyce\AppData\Local\Programs\Python\Python313\Lib\site-packages\django\template\base.py", line 611, in find_filter
    raise TemplateSyntaxError("Invalid filter: '%s'" % filter_name)
django.template.exceptions.TemplateSyntaxError: Invalid filter: 'strip'
ERROR 2025-09-23 15:16:28,379 basehttp 1156 7440 "GET /lesson-plan-detail/2/ HTTP/1.1" 500 383118
ERROR 2025-09-23 15:16:41,455 log 1156 5888 Internal Server Error: /lesson-plan-detail/2/
Traceback (most recent call last):
  File "C:\Users\joyce\AppData\Local\Programs\Python\Python313\Lib\site-packages\django\core\handlers\exception.py", line 55, in inner
    response = get_response(request)
  File "C:\Users\joyce\AppData\Local\Programs\Python\Python313\Lib\site-packages\django\core\handlers\base.py", line 197, in _get_response
    response = wrapped_callback(request, *callback_args, **callback_kwargs)
  File "C:\Users\joyce\AppData\Local\Programs\Python\Python313\Lib\site-packages\django\contrib\auth\decorators.py", line 60, in _view_wrapper
    return view_func(request, *args, **kwargs)
  File "C:\Users\joyce\OneDrive\Documents\Github\2025-CP_LessonLink\Django\Lessonlink\lesson\views.py", line 1202, in lesson_plan_detail
    return render(request, 'lesson_plan_detail.html', {
        'submission': submission,
    ...<2 lines>...
        'can_review': request.user == submission.submitted_to and submission.status == 'submitted'
    })
  File "C:\Users\joyce\AppData\Local\Programs\Python\Python313\Lib\site-packages\django\shortcuts.py", line 25, in render
    content = loader.render_to_string(template_name, context, request, using=using)
  File "C:\Users\joyce\AppData\Local\Programs\Python\Python313\Lib\site-packages\django\template\loader.py", line 61, in render_to_string
    template = get_template(template_name, using=using)
  File "C:\Users\joyce\AppData\Local\Programs\Python\Python313\Lib\site-packages\django\template\loader.py", line 15, in get_template
    return engine.get_template(template_name)
           ~~~~~~~~~~~~~~~~~~~^^^^^^^^^^^^^^^
  File "C:\Users\joyce\AppData\Local\Programs\Python\Python313\Lib\site-packages\django\template\backends\django.py", line 79, in get_template
    return Template(self.engine.get_template(template_name), self)
                    ~~~~~~~~~~~~~~~~~~~~~~~~^^^^^^^^^^^^^^^
  File "C:\Users\joyce\AppData\Local\Programs\Python\Python313\Lib\site-packages\django\template\engine.py", line 177, in get_template
    template, origin = self.find_template(template_name)
                       ~~~~~~~~~~~~~~~~~~^^^^^^^^^^^^^^^
  File "C:\Users\joyce\AppData\Local\Programs\Python\Python313\Lib\site-packages\django\template\engine.py", line 159, in find_template
    template = loader.get_template(name, skip=skip)
  File "C:\Users\joyce\AppData\Local\Programs\Python\Python313\Lib\site-packages\django\template\loaders\cached.py", line 57, in get_template
    template = super().get_template(template_name, skip)
  File "C:\Users\joyce\AppData\Local\Programs\Python\Python313\Lib\site-packages\django\template\loaders\base.py", line 28, in get_template
    return Template(
        contents,
    ...<2 lines>...
        self.engine,
    )
  File "C:\Users\joyce\AppData\Local\Programs\Python\Python313\Lib\site-packages\django\template\base.py", line 154, in __init__
    self.nodelist = self.compile_nodelist()
                    ~~~~~~~~~~~~~~~~~~~~~^^
  File "C:\Users\joyce\AppData\Local\Programs\Python\Python313\Lib\site-packages\django\template\base.py", line 196, in compile_nodelist
    nodelist = parser.parse()
  File "C:\Users\joyce\AppData\Local\Programs\Python\Python313\Lib\site-packages\django\template\base.py", line 518, in parse
    raise self.error(token, e)
  File "C:\Users\joyce\AppData\Local\Programs\Python\Python313\Lib\site-packages\django\template\base.py", line 516, in parse
    compiled_result = compile_func(self, token)
  File "C:\Users\joyce\AppData\Local\Programs\Python\Python313\Lib\site-packages\django\template\defaulttags.py", line 962, in do_if
    nodelist = parser.parse(("elif", "else", "endif"))
  File "C:\Users\joyce\AppData\Local\Programs\Python\Python313\Lib\site-packages\django\template\base.py", line 518, in parse
    raise self.error(token, e)
  File "C:\Users\joyce\AppData\Local\Programs\Python\Python313\Lib\site-packages\django\template\base.py", line 516, in parse
    compiled_result = compile_func(self, token)
  File "C:\Users\joyce\AppData\Local\Programs\Python\Python313\Lib\site-packages\django\template\defaulttags.py", line 962, in do_if
    nodelist = parser.parse(("elif", "else", "endif"))
  File "C:\Users\joyce\AppData\Local\Programs\Python\Python313\Lib\site-packages\django\template\base.py", line 518, in parse
    raise self.error(token, e)
  File "C:\Users\joyce\AppData\Local\Programs\Python\Python313\Lib\site-packages\django\template\base.py", line 516, in parse
    compiled_result = compile_func(self, token)
  File "C:\Users\joyce\AppData\Local\Programs\Python\Python313\Lib\site-packages\django\template\defaulttags.py", line 862, in do_for
    nodelist_loop = parser.parse(
        (
    ...<2 lines>...
        )
    )
  File "C:\Users\joyce\AppData\Local\Programs\Python\Python313\Lib\site-packages\django\template\base.py", line 518, in parse
    raise self.error(token, e)
  File "C:\Users\joyce\AppData\Local\Programs\Python\Python313\Lib\site-packages\django\template\base.py", line 516, in parse
    compiled_result = compile_func(self, token)
  File "C:\Users\joyce\AppData\Local\Programs\Python\Python313\Lib\site-packages\django\template\defaulttags.py", line 962, in do_if
    nodelist = parser.parse(("elif", "else", "endif"))
  File "C:\Users\joyce\AppData\Local\Programs\Python\Python313\Lib\site-packages\django\template\base.py", line 518, in parse
    raise self.error(token, e)
  File "C:\Users\joyce\AppData\Local\Programs\Python\Python313\Lib\site-packages\django\template\base.py", line 516, in parse
    compiled_result = compile_func(self, token)
  File "C:\Users\joyce\AppData\Local\Programs\Python\Python313\Lib\site-packages\django\template\defaulttags.py", line 962, in do_if
    nodelist = parser.parse(("elif", "else", "endif"))
  File "C:\Users\joyce\AppData\Local\Programs\Python\Python313\Lib\site-packages\django\template\base.py", line 489, in parse
    raise self.error(token, e)
  File "C:\Users\joyce\AppData\Local\Programs\Python\Python313\Lib\site-packages\django\template\base.py", line 487, in parse
    filter_expression = self.compile_filter(token.contents)
  File "C:\Users\joyce\AppData\Local\Programs\Python\Python313\Lib\site-packages\django\template\base.py", line 605, in compile_filter
    return FilterExpression(token, self)
  File "C:\Users\joyce\AppData\Local\Programs\Python\Python313\Lib\site-packages\django\template\base.py", line 701, in __init__
    filter_func = parser.find_filter(filter_name)
  File "C:\Users\joyce\AppData\Local\Programs\Python\Python313\Lib\site-packages\django\template\base.py", line 611, in find_filter
    raise TemplateSyntaxError("Invalid filter: '%s'" % filter_name)
django.template.exceptions.TemplateSyntaxError: Invalid filter: 'strip'
ERROR 2025-09-23 15:16:41,466 basehttp 1156 5888 "GET /lesson-plan-detail/2/ HTTP/1.1" 500 383118
INFO 2025-09-23 15:17:46,689 basehttp 1156 5188 "GET /dep_pending/ HTTP/1.1" 200 17014
INFO 2025-09-23 15:18:06,057 basehttp 1156 9720 "GET /dep_dash/ HTTP/1.1" 200 37889
INFO 2025-09-23 15:18:11,617 basehttp 1156 9720 "GET /dep_pending/ HTTP/1.1" 200 17014
INFO 2025-09-23 15:19:57,126 basehttp 1156 12692 "GET /logout/ HTTP/1.1" 302 0
INFO 2025-09-23 15:19:57,138 basehttp 1156 12692 "GET / HTTP/1.1" 200 20309
INFO 2025-09-23 15:19:59,892 basehttp 1156 12692 "GET /login/ HTTP/1.1" 200 13477
INFO 2025-09-23 15:20:04,216 basehttp 1156 12692 "GET /registration_1/ HTTP/1.1" 200 26939
INFO 2025-09-23 15:20:14,004 basehttp 1156 13164 "POST /registration_1/ HTTP/1.1" 200 51
INFO 2025-09-23 15:20:28,875 basehttp 1156 9028 "POST /registration_1/ HTTP/1.1" 302 0
INFO 2025-09-23 15:20:28,892 basehttp 1156 9028 "GET /registration_2/ HTTP/1.1" 200 7967
INFO 2025-09-23 15:20:39,437 basehttp 1156 10896 "POST /registration_2/ HTTP/1.1" 302 0
INFO 2025-09-23 15:20:39,454 basehttp 1156 10896 "GET /registration_3/ HTTP/1.1" 200 11389
INFO 2025-09-23 15:20:49,879 basehttp 1156 2952 "POST /registration_3/ HTTP/1.1" 302 0
INFO 2025-09-23 15:20:49,903 basehttp 1156 2952 "GET /registration_4/ HTTP/1.1" 200 18806
INFO 2025-09-23 15:22:29,126 basehttp 1156 13160 "GET /registration_1/ HTTP/1.1" 200 26939
INFO 2025-09-23 15:22:35,489 basehttp 1156 13160 "GET /login/ HTTP/1.1" 200 12094
INFO 2025-09-23 15:22:51,940 basehttp 1156 15316 "POST /login/ HTTP/1.1" 302 0
INFO 2025-09-23 15:22:51,968 basehttp 1156 7520 "GET /dashboard/ HTTP/1.1" 200 34354
INFO 2025-09-23 15:22:54,054 basehttp 1156 7520 "GET /drafts/ HTTP/1.1" 200 58149
INFO 2025-09-23 15:23:31,244 basehttp 1156 5248 "GET /drafts/6/edit/ HTTP/1.1" 200 16728
INFO 2025-09-23 15:23:38,525 basehttp 1156 5684 "GET /drafts/ HTTP/1.1" 200 57591
INFO 2025-09-23 15:23:55,163 basehttp 1156 13000 "GET /drafts/ HTTP/1.1" 200 57591
